Using pre-set license
Built from '2021.3/staging' branch; Version is '2021.3.0f1 (6eacc8284459) revision 7253192'; Using compiler version '192829333'; Build Type 'Release'
OS: 'Windows 10  (10.0.19043) 64bit CoreSingleLanguage' Language: 'ru' Physical Memory: 4007 MB
BatchMode: 1, IsHumanControllingUs: 0, StartBugReporterOnCrash: 0, Is64bit: 1, IsPro: 1

COMMAND LINE ARGUMENTS:
C:\Program Files\Unity\Hub\Editor\2021.3.0f1\Editor\Unity.exe
-adb2
-batchMode
-noUpm
-name
AssetImportWorker1
-projectPath
C:/Users/НОРД/github/GameProject2.0
-logFile
Logs/AssetImportWorker1.log
-srvPort
59668
Successfully changed project path to: C:/Users/НОРД/github/GameProject2.0
C:/Users/НОРД/github/GameProject2.0
[UnityMemory] Configuration Parameters - Can be set up in boot.config
    "memorysetup-bucket-allocator-granularity=16"
    "memorysetup-bucket-allocator-bucket-count=8"
    "memorysetup-bucket-allocator-block-size=33554432"
    "memorysetup-bucket-allocator-block-count=8"
    "memorysetup-main-allocator-block-size=16777216"
    "memorysetup-thread-allocator-block-size=16777216"
    "memorysetup-gfx-main-allocator-block-size=16777216"
    "memorysetup-gfx-thread-allocator-block-size=16777216"
    "memorysetup-cache-allocator-block-size=4194304"
    "memorysetup-typetree-allocator-block-size=2097152"
    "memorysetup-profiler-bucket-allocator-granularity=16"
    "memorysetup-profiler-bucket-allocator-bucket-count=8"
    "memorysetup-profiler-bucket-allocator-block-size=33554432"
    "memorysetup-profiler-bucket-allocator-block-count=8"
    "memorysetup-profiler-allocator-block-size=16777216"
    "memorysetup-profiler-editor-allocator-block-size=1048576"
    "memorysetup-temp-allocator-size-main=16777216"
    "memorysetup-job-temp-allocator-block-size=2097152"
    "memorysetup-job-temp-allocator-block-size-background=1048576"
    "memorysetup-job-temp-allocator-reduction-small-platforms=262144"
    "memorysetup-temp-allocator-size-background-worker=32768"
    "memorysetup-temp-allocator-size-job-worker=262144"
    "memorysetup-temp-allocator-size-preload-manager=33554432"
    "memorysetup-temp-allocator-size-nav-mesh-worker=65536"
    "memorysetup-temp-allocator-size-audio-worker=65536"
    "memorysetup-temp-allocator-size-cloud-worker=32768"
    "memorysetup-temp-allocator-size-gi-baking-worker=262144"
    "memorysetup-temp-allocator-size-gfx=262144"
Refreshing native plugins compatible for Editor in 266.43 ms, found 4 plugins.
Preloading 0 native plugins for Editor in 0.00 ms.
Initialize engine version: 2021.3.0f1 (6eacc8284459)
[Subsystems] Discovering subsystems at path C:/Program Files/Unity/Hub/Editor/2021.3.0f1/Editor/Data/Resources/UnitySubsystems
[Subsystems] Discovering subsystems at path C:/Users/НОРД/github/GameProject2.0/Assets
GfxDevice: creating device client; threaded=0; jobified=0
Direct3D:
    Version:  Direct3D 11.0 [level 11.0]
    Renderer: NVIDIA GeForce MX110 (ID=0x174e)
    Vendor:   NVIDIA
    VRAM:     2010 MB
    Driver:   30.0.15.1179
Initialize mono
Mono path[0] = 'C:/Program Files/Unity/Hub/Editor/2021.3.0f1/Editor/Data/Managed'
Mono path[1] = 'C:/Program Files/Unity/Hub/Editor/2021.3.0f1/Editor/Data/MonoBleedingEdge/lib/mono/unityjit-win32'
Mono config path = 'C:/Program Files/Unity/Hub/Editor/2021.3.0f1/Editor/Data/MonoBleedingEdge/etc'
Using monoOptions --debugger-agent=transport=dt_socket,embedding=1,server=y,suspend=n,address=127.0.0.1:56224
Begin MonoManager ReloadAssembly
Registering precompiled unity dll's ...
Register platform support module: C:/Program Files/Unity/Hub/Editor/2021.3.0f1/Editor/Data/PlaybackEngines/WindowsStandaloneSupport/UnityEditor.WindowsStandalone.Extensions.dll
Registered in 0.019993 seconds.
Native extension for WindowsStandalone target not found
Refreshing native plugins compatible for Editor in 268.26 ms, found 4 plugins.
Preloading 0 native plugins for Editor in 0.00 ms.
Mono: successfully reloaded assembly
- Completed reload, in  2.515 seconds
Domain Reload Profiling:
	ReloadAssembly (2517ms)
		BeginReloadAssembly (320ms)
			ExecutionOrderSort (0ms)
			DisableScriptedObjects (0ms)
			BackupInstance (0ms)
			ReleaseScriptingObjects (0ms)
			CreateAndSetChildDomain (2ms)
		EndReloadAssembly (1748ms)
			LoadAssemblies (312ms)
			RebuildTransferFunctionScriptingTraits (1ms)
			SetupTypeCache (388ms)
			ReleaseScriptCaches (0ms)
			RebuildScriptCaches (182ms)
			SetupLoadedEditorAssemblies (1046ms)
				LogAssemblyErrors (0ms)
				InitializePlatformSupportModulesInManaged (71ms)
				SetLoadedEditorAssemblies (9ms)
				RefreshPlugins (268ms)
				BeforeProcessingInitializeOnLoad (4ms)
				ProcessInitializeOnLoadAttributes (551ms)
				ProcessInitializeOnLoadMethodAttributes (140ms)
				AfterProcessingInitializeOnLoad (0ms)
				EditorAssembliesLoaded (1ms)
			ExecutionOrderSort2 (0ms)
			AwakeInstancesAfterBackupRestoration (0ms)
Platform modules already initialized, skipping
Registering precompiled user dll's ...
Registered in 0.055558 seconds.
Begin MonoManager ReloadAssembly
Native extension for WindowsStandalone target not found
Refreshing native plugins compatible for Editor in 298.33 ms, found 4 plugins.
Preloading 0 native plugins for Editor in 0.00 ms.
Mono: successfully reloaded assembly
- Completed reload, in  4.284 seconds
Domain Reload Profiling:
	ReloadAssembly (4287ms)
		BeginReloadAssembly (632ms)
			ExecutionOrderSort (0ms)
			DisableScriptedObjects (36ms)
			BackupInstance (0ms)
			ReleaseScriptingObjects (12ms)
			CreateAndSetChildDomain (70ms)
		EndReloadAssembly (3373ms)
			LoadAssemblies (583ms)
			RebuildTransferFunctionScriptingTraits (10ms)
			SetupTypeCache (622ms)
			ReleaseScriptCaches (3ms)
			RebuildScriptCaches (256ms)
			SetupLoadedEditorAssemblies (1866ms)
				LogAssemblyErrors (0ms)
				InitializePlatformSupportModulesInManaged (9ms)
				SetLoadedEditorAssemblies (0ms)
				RefreshPlugins (299ms)
				BeforeProcessingInitializeOnLoad (219ms)
				ProcessInitializeOnLoadAttributes (494ms)
				ProcessInitializeOnLoadMethodAttributes (825ms)
				AfterProcessingInitializeOnLoad (19ms)
				EditorAssembliesLoaded (0ms)
			ExecutionOrderSort2 (0ms)
			AwakeInstancesAfterBackupRestoration (11ms)
Platform modules already initialized, skipping
========================================================================
Worker process is ready to serve import requests
Launched and connected shader compiler UnityShaderCompiler.exe after 0.81 seconds
Refreshing native plugins compatible for Editor in 1.71 ms, found 4 plugins.
Preloading 0 native plugins for Editor in 0.00 ms.
Unloading 3936 Unused Serialized files (Serialized files now loaded: 0)
Unloading 40 unused Assets / (225.5 KB). Loaded Objects now: 4392.
Memory consumption went from 149.5 MB to 149.3 MB.
Total: 43.408200 ms (FindLiveObjects: 4.070000 ms CreateObjectMapping: 2.851300 ms MarkObjects: 35.802000 ms  DeleteObjects: 0.674500 ms)

AssetImportParameters requested are different than current active one (requested -> active):
  custom:video-decoder-ogg-theora: a1e56fd34408186e4bbccfd4996cb3dc -> 
  custom:container-muxer-webm: aa71ff27fc2769a1b78a27578f13a17b -> 
  custom:container-demuxer-webm: 4f35f7cbe854078d1ac9338744f61a02 -> 
  custom:video-encoder-webm-vp8: eb34c28f22e8b96e1ab97ce403110664 -> 
  custom:audio-encoder-webm-vorbis: bf7c407c2cedff20999df2af8eb42d56 -> 
  custom:framework-win-MediaFoundation: 216162199b28c13a410421893ffa2e32 -> 
  custom:container-demuxer-ogg: 62fdf1f143b41e24485cea50d1cbac27 -> 
  custom:video-decoder-webm-vp8: 9c59270c3fd7afecdb556c50c9e8de78 -> 
  custom:audio-decoder-ogg-vorbis: bf7c407c2cedff20999df2af8eb42d56 -> 
========================================================================
Received Import Request.
  Time since last request: 962447.563944 seconds.
  path: Assets/Scenes/Game.unity
  artifactKey: Guid(24e06906d605ee14f9ed3c4e651b0a1a) Importer(815301076,1909f56bfc062723c751e8b465ee728b)
Start importing Assets/Scenes/Game.unity using Guid(24e06906d605ee14f9ed3c4e651b0a1a) Importer(815301076,1909f56bfc062723c751e8b465ee728b)  -> (artifact id: 'e8bae196962878461b7c605d24206602') in 0.121822 seconds 
========================================================================
Received Prepare
Registering precompiled user dll's ...
Registered in 0.019831 seconds.
Begin MonoManager ReloadAssembly
Native extension for WindowsStandalone target not found
Refreshing native plugins compatible for Editor in 98.11 ms, found 4 plugins.
Preloading 0 native plugins for Editor in 0.00 ms.
Mono: successfully reloaded assembly
- Completed reload, in 11.713 seconds
Domain Reload Profiling:
	ReloadAssembly (11732ms)
		BeginReloadAssembly (3534ms)
			ExecutionOrderSort (1ms)
			DisableScriptedObjects (248ms)
			BackupInstance (0ms)
			ReleaseScriptingObjects (0ms)
			CreateAndSetChildDomain (1860ms)
		EndReloadAssembly (6541ms)
			LoadAssemblies (1738ms)
			RebuildTransferFunctionScriptingTraits (7ms)
			SetupTypeCache (2515ms)
			ReleaseScriptCaches (123ms)
			RebuildScriptCaches (166ms)
			SetupLoadedEditorAssemblies (2479ms)
				LogAssemblyErrors (0ms)
				InitializePlatformSupportModulesInManaged (382ms)
				SetLoadedEditorAssemblies (5ms)
				RefreshPlugins (99ms)
				BeforeProcessingInitializeOnLoad (1257ms)
				ProcessInitializeOnLoadAttributes (637ms)
				ProcessInitializeOnLoadMethodAttributes (82ms)
				AfterProcessingInitializeOnLoad (15ms)
				EditorAssembliesLoaded (1ms)
			ExecutionOrderSort2 (0ms)
			AwakeInstancesAfterBackupRestoration (19ms)
Platform modules already initialized, skipping
Refreshing native plugins compatible for Editor in 32.22 ms, found 4 plugins.
Preloading 0 native plugins for Editor in 0.00 ms.
Unloading 3918 Unused Serialized files (Serialized files now loaded: 0)
Unloading 27 unused Assets / (192.5 KB). Loaded Objects now: 4395.
Memory consumption went from 148.2 MB to 148.0 MB.
Total: 19.185300 ms (FindLiveObjects: 1.141700 ms CreateObjectMapping: 0.639100 ms MarkObjects: 16.446500 ms  DeleteObjects: 0.648800 ms)

AssetImportParameters requested are different than current active one (requested -> active):
  custom:video-decoder-ogg-theora: a1e56fd34408186e4bbccfd4996cb3dc -> 
  custom:container-muxer-webm: aa71ff27fc2769a1b78a27578f13a17b -> 
  custom:container-demuxer-webm: 4f35f7cbe854078d1ac9338744f61a02 -> 
  custom:video-encoder-webm-vp8: eb34c28f22e8b96e1ab97ce403110664 -> 
  custom:audio-encoder-webm-vorbis: bf7c407c2cedff20999df2af8eb42d56 -> 
  custom:framework-win-MediaFoundation: 216162199b28c13a410421893ffa2e32 -> 
  custom:container-demuxer-ogg: 62fdf1f143b41e24485cea50d1cbac27 -> 
  custom:video-decoder-webm-vp8: 9c59270c3fd7afecdb556c50c9e8de78 -> 
  custom:audio-decoder-ogg-vorbis: bf7c407c2cedff20999df2af8eb42d56 -> 
========================================================================
Received Import Request.
  Time since last request: 136.079647 seconds.
  path: Assets/Scenes/Game.unity
  artifactKey: Guid(24e06906d605ee14f9ed3c4e651b0a1a) Importer(815301076,1909f56bfc062723c751e8b465ee728b)
Start importing Assets/Scenes/Game.unity using Guid(24e06906d605ee14f9ed3c4e651b0a1a) Importer(815301076,1909f56bfc062723c751e8b465ee728b)  -> (artifact id: 'd91dc4c68fedbf44da2d86b1a13298cd') in 1.445235 seconds 
========================================================================
Received Import Request.
  Time since last request: 68.663014 seconds.
  path: Assets/Scenes/Game.unity
  artifactKey: Guid(24e06906d605ee14f9ed3c4e651b0a1a) Importer(815301076,1909f56bfc062723c751e8b465ee728b)
Start importing Assets/Scenes/Game.unity using Guid(24e06906d605ee14f9ed3c4e651b0a1a) Importer(815301076,1909f56bfc062723c751e8b465ee728b)  -> (artifact id: 'aa6fd86d287ea61f21e87d7d5c394554') in 0.064424 seconds 
========================================================================
Received Prepare
Registering precompiled user dll's ...
Registered in 0.020369 seconds.
Begin MonoManager ReloadAssembly
Native extension for WindowsStandalone target not found
Refreshing native plugins compatible for Editor in 571.18 ms, found 4 plugins.
Preloading 0 native plugins for Editor in 0.00 ms.
Mono: successfully reloaded assembly
- Completed reload, in 20.259 seconds
Domain Reload Profiling:
	ReloadAssembly (20284ms)
		BeginReloadAssembly (4900ms)
			ExecutionOrderSort (1ms)
			DisableScriptedObjects (571ms)
			BackupInstance (0ms)
			ReleaseScriptingObjects (6ms)
			CreateAndSetChildDomain (3134ms)
		EndReloadAssembly (13764ms)
			LoadAssemblies (1343ms)
			RebuildTransferFunctionScriptingTraits (5ms)
			SetupTypeCache (2164ms)
			ReleaseScriptCaches (195ms)
			RebuildScriptCaches (1561ms)
			SetupLoadedEditorAssemblies (5744ms)
				LogAssemblyErrors (0ms)
				InitializePlatformSupportModulesInManaged (682ms)
				SetLoadedEditorAssemblies (22ms)
				RefreshPlugins (573ms)
				BeforeProcessingInitializeOnLoad (3213ms)
				ProcessInitializeOnLoadAttributes (1107ms)
				ProcessInitializeOnLoadMethodAttributes (127ms)
				AfterProcessingInitializeOnLoad (17ms)
				EditorAssembliesLoaded (3ms)
			ExecutionOrderSort2 (0ms)
			AwakeInstancesAfterBackupRestoration (25ms)
Platform modules already initialized, skipping
Refreshing native plugins compatible for Editor in 43.68 ms, found 4 plugins.
Preloading 0 native plugins for Editor in 0.00 ms.
Unloading 3918 Unused Serialized files (Serialized files now loaded: 0)
Unloading 27 unused Assets / (192.5 KB). Loaded Objects now: 4398.
Memory consumption went from 148.2 MB to 148.0 MB.
Total: 350.790600 ms (FindLiveObjects: 39.370400 ms CreateObjectMapping: 10.782900 ms MarkObjects: 299.785300 ms  DeleteObjects: 0.786400 ms)

AssetImportParameters requested are different than current active one (requested -> active):
  custom:video-decoder-ogg-theora: a1e56fd34408186e4bbccfd4996cb3dc -> 
  custom:container-muxer-webm: aa71ff27fc2769a1b78a27578f13a17b -> 
  custom:container-demuxer-webm: 4f35f7cbe854078d1ac9338744f61a02 -> 
  custom:video-encoder-webm-vp8: eb34c28f22e8b96e1ab97ce403110664 -> 
  custom:audio-encoder-webm-vorbis: bf7c407c2cedff20999df2af8eb42d56 -> 
  custom:framework-win-MediaFoundation: 216162199b28c13a410421893ffa2e32 -> 
  custom:container-demuxer-ogg: 62fdf1f143b41e24485cea50d1cbac27 -> 
  custom:video-decoder-webm-vp8: 9c59270c3fd7afecdb556c50c9e8de78 -> 
  custom:audio-decoder-ogg-vorbis: bf7c407c2cedff20999df2af8eb42d56 -> 
========================================================================
Received Prepare
Registering precompiled user dll's ...
Registered in 0.101327 seconds.
Begin MonoManager ReloadAssembly
Native extension for WindowsStandalone target not found
Refreshing native plugins compatible for Editor in 16.16 ms, found 4 plugins.
Preloading 0 native plugins for Editor in 0.00 ms.
Mono: successfully reloaded assembly
- Completed reload, in 28.981 seconds
Domain Reload Profiling:
	ReloadAssembly (28999ms)
		BeginReloadAssembly (10266ms)
			ExecutionOrderSort (1ms)
			DisableScriptedObjects (228ms)
			BackupInstance (0ms)
			ReleaseScriptingObjects (1ms)
			CreateAndSetChildDomain (9014ms)
		EndReloadAssembly (16896ms)
			LoadAssemblies (1656ms)
			RebuildTransferFunctionScriptingTraits (8ms)
			SetupTypeCache (1738ms)
			ReleaseScriptCaches (257ms)
			RebuildScriptCaches (482ms)
			SetupLoadedEditorAssemblies (12419ms)
				LogAssemblyErrors (0ms)
				InitializePlatformSupportModulesInManaged (123ms)
				SetLoadedEditorAssemblies (5ms)
				RefreshPlugins (16ms)
				BeforeProcessingInitializeOnLoad (784ms)
				ProcessInitializeOnLoadAttributes (11031ms)
				ProcessInitializeOnLoadMethodAttributes (404ms)
				AfterProcessingInitializeOnLoad (52ms)
				EditorAssembliesLoaded (1ms)
			ExecutionOrderSort2 (1ms)
			AwakeInstancesAfterBackupRestoration (133ms)
Platform modules already initialized, skipping
Refreshing native plugins compatible for Editor in 18.94 ms, found 4 plugins.
Preloading 0 native plugins for Editor in 0.00 ms.
Unloading 3918 Unused Serialized files (Serialized files now loaded: 0)
Unloading 27 unused Assets / (192.4 KB). Loaded Objects now: 4401.
Memory consumption went from 148.2 MB to 148.0 MB.
Total: 54.874200 ms (FindLiveObjects: 2.075600 ms CreateObjectMapping: 1.096800 ms MarkObjects: 50.591600 ms  DeleteObjects: 0.828500 ms)

AssetImportParameters requested are different than current active one (requested -> active):
  custom:video-decoder-ogg-theora: a1e56fd34408186e4bbccfd4996cb3dc -> 
  custom:container-muxer-webm: aa71ff27fc2769a1b78a27578f13a17b -> 
  custom:container-demuxer-webm: 4f35f7cbe854078d1ac9338744f61a02 -> 
  custom:video-encoder-webm-vp8: eb34c28f22e8b96e1ab97ce403110664 -> 
  custom:audio-encoder-webm-vorbis: bf7c407c2cedff20999df2af8eb42d56 -> 
  custom:framework-win-MediaFoundation: 216162199b28c13a410421893ffa2e32 -> 
  custom:container-demuxer-ogg: 62fdf1f143b41e24485cea50d1cbac27 -> 
  custom:video-decoder-webm-vp8: 9c59270c3fd7afecdb556c50c9e8de78 -> 
  custom:audio-decoder-ogg-vorbis: bf7c407c2cedff20999df2af8eb42d56 -> 
========================================================================
Received Import Request.
  Time since last request: 147.495153 seconds.
  path: Assets/Scenes/Game.unity
  artifactKey: Guid(24e06906d605ee14f9ed3c4e651b0a1a) Importer(815301076,1909f56bfc062723c751e8b465ee728b)
Start importing Assets/Scenes/Game.unity using Guid(24e06906d605ee14f9ed3c4e651b0a1a) Importer(815301076,1909f56bfc062723c751e8b465ee728b)  -> (artifact id: 'ea3a952334d279270a45057e4f2d2ef5') in 0.154858 seconds 
========================================================================
Received Import Request.
  Time since last request: 50.705558 seconds.
  path: Assets/Scenes/Levels.unity
  artifactKey: Guid(000ea3bd93989b04daf01f8093868a9e) Importer(815301076,1909f56bfc062723c751e8b465ee728b)
Start importing Assets/Scenes/Levels.unity using Guid(000ea3bd93989b04daf01f8093868a9e) Importer(815301076,1909f56bfc062723c751e8b465ee728b)  -> (artifact id: 'a14d58f46e65bf49a29301e3f266a614') in 0.098453 seconds 
========================================================================
Received Import Request.
  Time since last request: 158.081485 seconds.
  path: Assets/Scenes/fadetoLevels.anim
  artifactKey: Guid(8115dbe1ecc1e6a4eb42759513e35d82) Importer(815301076,1909f56bfc062723c751e8b465ee728b)
Start importing Assets/Scenes/fadetoLevels.anim using Guid(8115dbe1ecc1e6a4eb42759513e35d82) Importer(815301076,1909f56bfc062723c751e8b465ee728b)  -> (artifact id: '6fc3b0629276f302659fea5959b442cb') in 2.727263 seconds 
========================================================================
Received Import Request.
  Time since last request: 5.849586 seconds.
  path: Assets/Animations/FadeToLevels
  artifactKey: Guid(c4e77485de246e448ba458c29817030b) Importer(815301076,1909f56bfc062723c751e8b465ee728b)
Start importing Assets/Animations/FadeToLevels using Guid(c4e77485de246e448ba458c29817030b) Importer(815301076,1909f56bfc062723c751e8b465ee728b)  -> (artifact id: '77167ad02eb4628d55a659701ec2c215') in 0.114850 seconds 
========================================================================
Received Import Request.
  Time since last request: 25.691241 seconds.
  path: Assets/Sprites/Sprites
  artifactKey: Guid(9af63b52f087bb245a300b9ebcfbbcd2) Importer(815301076,1909f56bfc062723c751e8b465ee728b)
Start importing Assets/Sprites/Sprites using Guid(9af63b52f087bb245a300b9ebcfbbcd2) Importer(815301076,1909f56bfc062723c751e8b465ee728b)  -> (artifact id: 'fe598f2fcd558a6fdcaf02a84ddd215b') in 0.183775 seconds 
========================================================================
Received Import Request.
  Time since last request: 0.001811 seconds.
  path: Assets/Sprites/Sprites/Новая игра.png
  artifactKey: Guid(a152d83ff71efe54fbaba50b318ede1b) Importer(815301076,1909f56bfc062723c751e8b465ee728b)
Start importing Assets/Sprites/Sprites/Новая игра.png using Guid(a152d83ff71efe54fbaba50b318ede1b) Importer(815301076,1909f56bfc062723c751e8b465ee728b)  -> (artifact id: '1286a05d35f8d09b20c36340f10ea6a3') in 2.233611 seconds 
========================================================================
Received Import Request.
  Time since last request: 0.000092 seconds.
  path: Assets/Sprites/Sprites/робот2.png
  artifactKey: Guid(36b4f3b0a04a41a4198a843c7efc067f) Importer(815301076,1909f56bfc062723c751e8b465ee728b)
Start importing Assets/Sprites/Sprites/робот2.png using Guid(36b4f3b0a04a41a4198a843c7efc067f) Importer(815301076,1909f56bfc062723c751e8b465ee728b)  -> (artifact id: '8de866f4ba64bdd3bc1a750dcf73e77c') in 0.137224 seconds 
========================================================================
Received Import Request.
  Time since last request: 0.000775 seconds.
  path: Assets/Sprites/Sprites/фон опций.png
  artifactKey: Guid(547266498e592a24880e696d84c0e681) Importer(815301076,1909f56bfc062723c751e8b465ee728b)
Start importing Assets/Sprites/Sprites/фон опций.png using Guid(547266498e592a24880e696d84c0e681) Importer(815301076,1909f56bfc062723c751e8b465ee728b)  -> (artifact id: '24d465cb2f483c054d11dd69a36104bc') in 0.261707 seconds 
========================================================================
Received Import Request.
  Time since last request: 0.000161 seconds.
  path: Assets/Sprites/Sprites/спрайты персонажей.jpg
  artifactKey: Guid(9c18e2393daa2cb42ae165d1dcb62b9c) Importer(815301076,1909f56bfc062723c751e8b465ee728b)
Start importing Assets/Sprites/Sprites/спрайты персонажей.jpg using Guid(9c18e2393daa2cb42ae165d1dcb62b9c) Importer(815301076,1909f56bfc062723c751e8b465ee728b)  -> (artifact id: '52b3465af48df9dd9f9f73eae66f6292') in 0.249828 seconds 
========================================================================
Received Import Request.
  Time since last request: 0.000090 seconds.
  path: Assets/Sprites/Sprites/звук off.png
  artifactKey: Guid(872fe5128d39667448a23f1c975b1bcf) Importer(815301076,1909f56bfc062723c751e8b465ee728b)
Start importing Assets/Sprites/Sprites/звук off.png using Guid(872fe5128d39667448a23f1c975b1bcf) Importer(815301076,1909f56bfc062723c751e8b465ee728b)  -> (artifact id: '5ef71e9331ee32142e07ec053f8e34bb') in 0.396625 seconds 
========================================================================
Received Import Request.
  Time since last request: 0.000051 seconds.
  path: Assets/Sprites/Sprites/рамка ор.png
  artifactKey: Guid(042000cca430b434289ea9e321eaddb3) Importer(815301076,1909f56bfc062723c751e8b465ee728b)
Start importing Assets/Sprites/Sprites/рамка ор.png using Guid(042000cca430b434289ea9e321eaddb3) Importer(815301076,1909f56bfc062723c751e8b465ee728b)  -> (artifact id: '61b14896f9c89177cac7e071288f7726') in 0.126846 seconds 
========================================================================
Received Import Request.
  Time since last request: 0.000111 seconds.
  path: Assets/Sprites/Sprites/рамка.png
  artifactKey: Guid(4ca7b8f9f5381f345bb97451f34b941d) Importer(815301076,1909f56bfc062723c751e8b465ee728b)
Start importing Assets/Sprites/Sprites/рамка.png using Guid(4ca7b8f9f5381f345bb97451f34b941d) Importer(815301076,1909f56bfc062723c751e8b465ee728b)  -> (artifact id: '536c6d09f8d6427e0fb19236e5767d81') in 0.107673 seconds 
========================================================================
Received Import Request.
  Time since last request: 0.000081 seconds.
  path: Assets/Sprites/Sprites/Выход.png
  artifactKey: Guid(9ac07ed4f4a29854aa3a7dd05eab960a) Importer(815301076,1909f56bfc062723c751e8b465ee728b)
Start importing Assets/Sprites/Sprites/Выход.png using Guid(9ac07ed4f4a29854aa3a7dd05eab960a) Importer(815301076,1909f56bfc062723c751e8b465ee728b)  -> (artifact id: '487b0c94716ed8865f66dbcc10a40fd2') in 0.070902 seconds 
========================================================================
Received Import Request.
  Time since last request: 0.000105 seconds.
  path: Assets/Sprites/Sprites/тело бегунка.png
  artifactKey: Guid(54e854440cec2584baf75661da685679) Importer(815301076,1909f56bfc062723c751e8b465ee728b)
Start importing Assets/Sprites/Sprites/тело бегунка.png using Guid(54e854440cec2584baf75661da685679) Importer(815301076,1909f56bfc062723c751e8b465ee728b)  -> (artifact id: '04e7e9755ba50f620a89b511ad7cd106') in 0.181719 seconds 
========================================================================
Received Import Request.
  Time since last request: 0.000970 seconds.
  path: Assets/Sprites/Sprites/Уровень.png
  artifactKey: Guid(3e7db2e3b188a964bb539ada6b5ff9a7) Importer(815301076,1909f56bfc062723c751e8b465ee728b)
Start importing Assets/Sprites/Sprites/Уровень.png using Guid(3e7db2e3b188a964bb539ada6b5ff9a7) Importer(815301076,1909f56bfc062723c751e8b465ee728b)  -> (artifact id: 'dbafde2810e1ab26d9bb17b4bbbd48db') in 0.068876 seconds 
========================================================================
Received Import Request.
  Time since last request: 0.000159 seconds.
  path: Assets/Sprites/Sprites/оформление.png
  artifactKey: Guid(02d3c1443fbf2ac46a4d0c88b08f5ae8) Importer(815301076,1909f56bfc062723c751e8b465ee728b)
Start importing Assets/Sprites/Sprites/оформление.png using Guid(02d3c1443fbf2ac46a4d0c88b08f5ae8) Importer(815301076,1909f56bfc062723c751e8b465ee728b)  -> (artifact id: '9d8684f886f83d79b6b93f94276cf851') in 0.615445 seconds 
========================================================================
Received Import Request.
  Time since last request: 0.000057 seconds.
  path: Assets/Sprites/Sprites/персонаж 2.0.png
  artifactKey: Guid(3b50b3d4cdd0c8e4ea072a1dabfa9651) Importer(815301076,1909f56bfc062723c751e8b465ee728b)
Start importing Assets/Sprites/Sprites/персонаж 2.0.png using Guid(3b50b3d4cdd0c8e4ea072a1dabfa9651) Importer(815301076,1909f56bfc062723c751e8b465ee728b)  -> (artifact id: 'cf9ae47a7ca7640e52f983f744561f9c') in 0.111044 seconds 
========================================================================
Received Import Request.
  Time since last request: 0.000054 seconds.
  path: Assets/Sprites/Sprites/звук on.png
  artifactKey: Guid(cd5c52bdc7e242947af6b56a82690098) Importer(815301076,1909f56bfc062723c751e8b465ee728b)
Start importing Assets/Sprites/Sprites/звук on.png using Guid(cd5c52bdc7e242947af6b56a82690098) Importer(815301076,1909f56bfc062723c751e8b465ee728b)  -> (artifact id: '4c762bcd7b78b2442099d814a52148cc') in 0.057612 seconds 
========================================================================
Received Import Request.
  Time since last request: 0.000185 seconds.
  path: Assets/Sprites/Sprites/messagif.gif
  artifactKey: Guid(9396ce4f129580843915d941089389ab) Importer(815301076,1909f56bfc062723c751e8b465ee728b)
Start importing Assets/Sprites/Sprites/messagif.gif using Guid(9396ce4f129580843915d941089389ab) Importer(815301076,1909f56bfc062723c751e8b465ee728b)  -> (artifact id: 'e8746afc01e6de2fe490e28a48738b55') in 0.106687 seconds 
========================================================================
Received Import Request.
  Time since last request: 0.000147 seconds.
  path: Assets/Sprites/Sprites/Настройки.png
  artifactKey: Guid(80c2cee596bf7b148b1b7dad24d8f1a9) Importer(815301076,1909f56bfc062723c751e8b465ee728b)
Start importing Assets/Sprites/Sprites/Настройки.png using Guid(80c2cee596bf7b148b1b7dad24d8f1a9) Importer(815301076,1909f56bfc062723c751e8b465ee728b)  -> (artifact id: 'e87c6ad26e0b272bf1c11e010ab4e664') in 0.046234 seconds 
========================================================================
Received Import Request.
  Time since last request: 0.000060 seconds.
  path: Assets/Sprites/Sprites/Персонаж.png
  artifactKey: Guid(e75529084224390408ac27307cf7ab6c) Importer(815301076,1909f56bfc062723c751e8b465ee728b)
Start importing Assets/Sprites/Sprites/Персонаж.png using Guid(e75529084224390408ac27307cf7ab6c) Importer(815301076,1909f56bfc062723c751e8b465ee728b)  -> (artifact id: '1b798de7f0e25148ea4c3a8025da0702') in 0.048403 seconds 
========================================================================
Received Import Request.
  Time since last request: 0.000067 seconds.
  path: Assets/Sprites/Sprites/бегунок.png
  artifactKey: Guid(e0ad2ffa176942b47b00027e6b1f4199) Importer(815301076,1909f56bfc062723c751e8b465ee728b)
Start importing Assets/Sprites/Sprites/бегунок.png using Guid(e0ad2ffa176942b47b00027e6b1f4199) Importer(815301076,1909f56bfc062723c751e8b465ee728b)  -> (artifact id: '80d01248fd361de9ed6a4aa1f4165f08') in 0.065591 seconds 
========================================================================
Received Import Request.
  Time since last request: 0.000063 seconds.
  path: Assets/Sprites/Sprites/консоль.png
  artifactKey: Guid(39bcb3c9c47b07e4d900445c7cf8aa89) Importer(815301076,1909f56bfc062723c751e8b465ee728b)
Start importing Assets/Sprites/Sprites/консоль.png using Guid(39bcb3c9c47b07e4d900445c7cf8aa89) Importer(815301076,1909f56bfc062723c751e8b465ee728b)  -> (artifact id: '9feda90c1c90d267c903c58ddd3600f2') in 0.192658 seconds 
========================================================================
Received Import Request.
  Time since last request: 0.000093 seconds.
  path: Assets/Sprites/Sprites/персонаж 2.png
  artifactKey: Guid(c6e6615a2f3f99d40aea44acc6bd228c) Importer(815301076,1909f56bfc062723c751e8b465ee728b)
Start importing Assets/Sprites/Sprites/персонаж 2.png using Guid(c6e6615a2f3f99d40aea44acc6bd228c) Importer(815301076,1909f56bfc062723c751e8b465ee728b)  -> (artifact id: '6e60b8e5aa9b579440992157a1626cda') in 0.053633 seconds 
========================================================================
Received Import Request.
  Time since last request: 0.000063 seconds.
  path: Assets/Sprites/Sprites/робот 1.png
  artifactKey: Guid(2ef79ff6cd5a468458c28701f625ad78) Importer(815301076,1909f56bfc062723c751e8b465ee728b)
Start importing Assets/Sprites/Sprites/робот 1.png using Guid(2ef79ff6cd5a468458c28701f625ad78) Importer(815301076,1909f56bfc062723c751e8b465ee728b)  -> (artifact id: 'e10cc6ac35bb0528cc1118f7be00740b') in 0.045459 seconds 
========================================================================
Received Import Request.
  Time since last request: 0.000058 seconds.
  path: Assets/Sprites/Sprites/персонаж 1.0.png
  artifactKey: Guid(9208cd51b18d3d748a988e4ec862c182) Importer(815301076,1909f56bfc062723c751e8b465ee728b)
Start importing Assets/Sprites/Sprites/персонаж 1.0.png using Guid(9208cd51b18d3d748a988e4ec862c182) Importer(815301076,1909f56bfc062723c751e8b465ee728b)  -> (artifact id: '1d488723dfcd8c7bed29e63859435213') in 0.054823 seconds 
========================================================================
Received Import Request.
  Time since last request: 0.000048 seconds.
  path: Assets/Sprites/Sprites/рамка син.png
  artifactKey: Guid(d1a0c78eed7289646880eddd4e0b9f49) Importer(815301076,1909f56bfc062723c751e8b465ee728b)
Start importing Assets/Sprites/Sprites/рамка син.png using Guid(d1a0c78eed7289646880eddd4e0b9f49) Importer(815301076,1909f56bfc062723c751e8b465ee728b)  -> (artifact id: 'a841e0035a27b74a028b8e49df9064a7') in 0.057083 seconds 
========================================================================
Received Import Request.
  Time since last request: 0.000081 seconds.
  path: Assets/Sprites/Sprites/Продолжить.png
  artifactKey: Guid(4da87f048c7c3894c9b25251d580639f) Importer(815301076,1909f56bfc062723c751e8b465ee728b)
Start importing Assets/Sprites/Sprites/Продолжить.png using Guid(4da87f048c7c3894c9b25251d580639f) Importer(815301076,1909f56bfc062723c751e8b465ee728b)  -> (artifact id: '6e0d12e8cda382d3ae04b6204455e187') in 0.044354 seconds 
========================================================================
Received Import Request.
  Time since last request: 0.000052 seconds.
  path: Assets/Sprites/Sprites/робот.png
  artifactKey: Guid(ceae276c816d272498e355d087db95a8) Importer(815301076,1909f56bfc062723c751e8b465ee728b)
Start importing Assets/Sprites/Sprites/робот.png using Guid(ceae276c816d272498e355d087db95a8) Importer(815301076,1909f56bfc062723c751e8b465ee728b)  -> (artifact id: '0345aea563abfc1a12c1ab0e82f322c1') in 0.233548 seconds 
========================================================================
Received Import Request.
  Time since last request: 0.000096 seconds.
  path: Assets/Sprites/Sprites/рамка ж.png
  artifactKey: Guid(bdc1980524092234e83486cd59b5359b) Importer(815301076,1909f56bfc062723c751e8b465ee728b)
Start importing Assets/Sprites/Sprites/рамка ж.png using Guid(bdc1980524092234e83486cd59b5359b) Importer(815301076,1909f56bfc062723c751e8b465ee728b)  -> (artifact id: 'e612192ed21d2601d637ae28df4e3909') in 0.045070 seconds 
========================================================================
Received Import Request.
  Time since last request: 0.000107 seconds.
  path: Assets/Sprites/Sprites/персонаж 1.png
  artifactKey: Guid(b1085b78e96206b4dbf572adad60af86) Importer(815301076,1909f56bfc062723c751e8b465ee728b)
Start importing Assets/Sprites/Sprites/персонаж 1.png using Guid(b1085b78e96206b4dbf572adad60af86) Importer(815301076,1909f56bfc062723c751e8b465ee728b)  -> (artifact id: '11d71f295817dee34a7f06a54e4a0bc6') in 0.047944 seconds 
========================================================================
Received Import Request.
  Time since last request: 0.000049 seconds.
  path: Assets/Sprites/Sprites/НеПродолжить.png
  artifactKey: Guid(42b6fa8b826e43445b44e683e64cfdfc) Importer(815301076,1909f56bfc062723c751e8b465ee728b)
Start importing Assets/Sprites/Sprites/НеПродолжить.png using Guid(42b6fa8b826e43445b44e683e64cfdfc) Importer(815301076,1909f56bfc062723c751e8b465ee728b)  -> (artifact id: 'a67b16670f89970092dd33a5c009c875') in 0.058843 seconds 
========================================================================
Received Prepare
Registering precompiled user dll's ...
Registered in 0.128747 seconds.
Begin MonoManager ReloadAssembly
Native extension for WindowsStandalone target not found
Refreshing native plugins compatible for Editor in 11.31 ms, found 4 plugins.
Preloading 0 native plugins for Editor in 0.00 ms.
Mono: successfully reloaded assembly
- Completed reload, in  5.363 seconds
Domain Reload Profiling:
	ReloadAssembly (5373ms)
		BeginReloadAssembly (2025ms)
			ExecutionOrderSort (1ms)
			DisableScriptedObjects (276ms)
			BackupInstance (0ms)
			ReleaseScriptingObjects (1ms)
			CreateAndSetChildDomain (1053ms)
		EndReloadAssembly (2999ms)
			LoadAssemblies (1013ms)
			RebuildTransferFunctionScriptingTraits (4ms)
			SetupTypeCache (1011ms)
			ReleaseScriptCaches (50ms)
			RebuildScriptCaches (178ms)
			SetupLoadedEditorAssemblies (903ms)
				LogAssemblyErrors (0ms)
				InitializePlatformSupportModulesInManaged (40ms)
				SetLoadedEditorAssemblies (4ms)
				RefreshPlugins (12ms)
				BeforeProcessingInitializeOnLoad (171ms)
				ProcessInitializeOnLoadAttributes (577ms)
				ProcessInitializeOnLoadMethodAttributes (80ms)
				AfterProcessingInitializeOnLoad (17ms)
				EditorAssembliesLoaded (2ms)
			ExecutionOrderSort2 (0ms)
			AwakeInstancesAfterBackupRestoration (23ms)
Platform modules already initialized, skipping
Refreshing native plugins compatible for Editor in 20.91 ms, found 4 plugins.
Preloading 0 native plugins for Editor in 0.00 ms.
Unloading 3918 Unused Serialized files (Serialized files now loaded: 0)
Unloading 27 unused Assets / (192.6 KB). Loaded Objects now: 4442.
Memory consumption went from 153.0 MB to 152.9 MB.
Total: 43.422600 ms (FindLiveObjects: 1.873100 ms CreateObjectMapping: 1.176000 ms MarkObjects: 38.725200 ms  DeleteObjects: 1.637800 ms)

AssetImportParameters requested are different than current active one (requested -> active):
  custom:video-decoder-ogg-theora: a1e56fd34408186e4bbccfd4996cb3dc -> 
  custom:container-muxer-webm: aa71ff27fc2769a1b78a27578f13a17b -> 
  custom:container-demuxer-webm: 4f35f7cbe854078d1ac9338744f61a02 -> 
  custom:video-encoder-webm-vp8: eb34c28f22e8b96e1ab97ce403110664 -> 
  custom:audio-encoder-webm-vorbis: bf7c407c2cedff20999df2af8eb42d56 -> 
  custom:framework-win-MediaFoundation: 216162199b28c13a410421893ffa2e32 -> 
  custom:container-demuxer-ogg: 62fdf1f143b41e24485cea50d1cbac27 -> 
  custom:video-decoder-webm-vp8: 9c59270c3fd7afecdb556c50c9e8de78 -> 
  custom:audio-decoder-ogg-vorbis: bf7c407c2cedff20999df2af8eb42d56 -> 
========================================================================
Received Prepare
Registering precompiled user dll's ...
Registered in 0.052354 seconds.
Begin MonoManager ReloadAssembly
Native extension for WindowsStandalone target not found
Refreshing native plugins compatible for Editor in 23.34 ms, found 4 plugins.
Preloading 0 native plugins for Editor in 0.00 ms.
Mono: successfully reloaded assembly
- Completed reload, in  4.643 seconds
Domain Reload Profiling:
	ReloadAssembly (4661ms)
		BeginReloadAssembly (1479ms)
			ExecutionOrderSort (0ms)
			DisableScriptedObjects (248ms)
			BackupInstance (0ms)
			ReleaseScriptingObjects (1ms)
			CreateAndSetChildDomain (730ms)
		EndReloadAssembly (2906ms)
			LoadAssemblies (810ms)
			RebuildTransferFunctionScriptingTraits (2ms)
			SetupTypeCache (904ms)
			ReleaseScriptCaches (106ms)
			RebuildScriptCaches (152ms)
			SetupLoadedEditorAssemblies (949ms)
				LogAssemblyErrors (0ms)
				InitializePlatformSupportModulesInManaged (54ms)
				SetLoadedEditorAssemblies (4ms)
				RefreshPlugins (24ms)
				BeforeProcessingInitializeOnLoad (194ms)
				ProcessInitializeOnLoadAttributes (554ms)
				ProcessInitializeOnLoadMethodAttributes (104ms)
				AfterProcessingInitializeOnLoad (15ms)
				EditorAssembliesLoaded (0ms)
			ExecutionOrderSort2 (0ms)
			AwakeInstancesAfterBackupRestoration (19ms)
Platform modules already initialized, skipping
Refreshing native plugins compatible for Editor in 9.96 ms, found 4 plugins.
Preloading 0 native plugins for Editor in 0.00 ms.
Unloading 3918 Unused Serialized files (Serialized files now loaded: 0)
Unloading 27 unused Assets / (192.6 KB). Loaded Objects now: 4445.
Memory consumption went from 153.1 MB to 152.9 MB.
Total: 31.876100 ms (FindLiveObjects: 0.897600 ms CreateObjectMapping: 1.435700 ms MarkObjects: 28.550400 ms  DeleteObjects: 0.980500 ms)

AssetImportParameters requested are different than current active one (requested -> active):
  custom:video-decoder-ogg-theora: a1e56fd34408186e4bbccfd4996cb3dc -> 
  custom:container-muxer-webm: aa71ff27fc2769a1b78a27578f13a17b -> 
  custom:container-demuxer-webm: 4f35f7cbe854078d1ac9338744f61a02 -> 
  custom:video-encoder-webm-vp8: eb34c28f22e8b96e1ab97ce403110664 -> 
  custom:audio-encoder-webm-vorbis: bf7c407c2cedff20999df2af8eb42d56 -> 
  custom:framework-win-MediaFoundation: 216162199b28c13a410421893ffa2e32 -> 
  custom:container-demuxer-ogg: 62fdf1f143b41e24485cea50d1cbac27 -> 
  custom:video-decoder-webm-vp8: 9c59270c3fd7afecdb556c50c9e8de78 -> 
  custom:audio-decoder-ogg-vorbis: bf7c407c2cedff20999df2af8eb42d56 -> 
========================================================================
Received Prepare
Registering precompiled user dll's ...
Registered in 0.045045 seconds.
Begin MonoManager ReloadAssembly
Native extension for WindowsStandalone target not found
Refreshing native plugins compatible for Editor in 18.66 ms, found 4 plugins.
Preloading 0 native plugins for Editor in 0.00 ms.
Mono: successfully reloaded assembly
- Completed reload, in  4.635 seconds
Domain Reload Profiling:
	ReloadAssembly (4655ms)
		BeginReloadAssembly (1166ms)
			ExecutionOrderSort (0ms)
			DisableScriptedObjects (189ms)
			BackupInstance (0ms)
			ReleaseScriptingObjects (1ms)
			CreateAndSetChildDomain (569ms)
		EndReloadAssembly (3101ms)
			LoadAssemblies (510ms)
			RebuildTransferFunctionScriptingTraits (2ms)
			SetupTypeCache (822ms)
			ReleaseScriptCaches (27ms)
			RebuildScriptCaches (171ms)
			SetupLoadedEditorAssemblies (1202ms)
				LogAssemblyErrors (0ms)
				InitializePlatformSupportModulesInManaged (67ms)
				SetLoadedEditorAssemblies (6ms)
				RefreshPlugins (19ms)
				BeforeProcessingInitializeOnLoad (247ms)
				ProcessInitializeOnLoadAttributes (606ms)
				ProcessInitializeOnLoadMethodAttributes (203ms)
				AfterProcessingInitializeOnLoad (51ms)
				EditorAssembliesLoaded (1ms)
			ExecutionOrderSort2 (0ms)
			AwakeInstancesAfterBackupRestoration (23ms)
Platform modules already initialized, skipping
Refreshing native plugins compatible for Editor in 17.62 ms, found 4 plugins.
Preloading 0 native plugins for Editor in 0.00 ms.
Unloading 3918 Unused Serialized files (Serialized files now loaded: 0)
Unloading 27 unused Assets / (192.5 KB). Loaded Objects now: 4448.
Memory consumption went from 153.1 MB to 152.9 MB.
Total: 69.233200 ms (FindLiveObjects: 1.681000 ms CreateObjectMapping: 1.772600 ms MarkObjects: 64.924700 ms  DeleteObjects: 0.847500 ms)

AssetImportParameters requested are different than current active one (requested -> active):
  custom:video-decoder-ogg-theora: a1e56fd34408186e4bbccfd4996cb3dc -> 
  custom:container-muxer-webm: aa71ff27fc2769a1b78a27578f13a17b -> 
  custom:container-demuxer-webm: 4f35f7cbe854078d1ac9338744f61a02 -> 
  custom:video-encoder-webm-vp8: eb34c28f22e8b96e1ab97ce403110664 -> 
  custom:audio-encoder-webm-vorbis: bf7c407c2cedff20999df2af8eb42d56 -> 
  custom:framework-win-MediaFoundation: 216162199b28c13a410421893ffa2e32 -> 
  custom:container-demuxer-ogg: 62fdf1f143b41e24485cea50d1cbac27 -> 
  custom:video-decoder-webm-vp8: 9c59270c3fd7afecdb556c50c9e8de78 -> 
  custom:audio-decoder-ogg-vorbis: bf7c407c2cedff20999df2af8eb42d56 -> 
========================================================================
Received Prepare
Registering precompiled user dll's ...
Registered in 0.066185 seconds.
Begin MonoManager ReloadAssembly
Native extension for WindowsStandalone target not found
Refreshing native plugins compatible for Editor in 48.23 ms, found 4 plugins.
Preloading 0 native plugins for Editor in 0.00 ms.
Mono: successfully reloaded assembly
- Completed reload, in  5.391 seconds
Domain Reload Profiling:
	ReloadAssembly (5401ms)
		BeginReloadAssembly (1081ms)
			ExecutionOrderSort (0ms)
			DisableScriptedObjects (138ms)
			BackupInstance (0ms)
			ReleaseScriptingObjects (0ms)
			CreateAndSetChildDomain (470ms)
		EndReloadAssembly (4017ms)
			LoadAssemblies (988ms)
			RebuildTransferFunctionScriptingTraits (14ms)
			SetupTypeCache (1328ms)
			ReleaseScriptCaches (138ms)
			RebuildScriptCaches (217ms)
			SetupLoadedEditorAssemblies (1143ms)
				LogAssemblyErrors (0ms)
				InitializePlatformSupportModulesInManaged (108ms)
				SetLoadedEditorAssemblies (4ms)
				RefreshPlugins (49ms)
				BeforeProcessingInitializeOnLoad (368ms)
				ProcessInitializeOnLoadAttributes (516ms)
				ProcessInitializeOnLoadMethodAttributes (80ms)
				AfterProcessingInitializeOnLoad (16ms)
				EditorAssembliesLoaded (1ms)
			ExecutionOrderSort2 (0ms)
			AwakeInstancesAfterBackupRestoration (18ms)
Platform modules already initialized, skipping
Refreshing native plugins compatible for Editor in 42.04 ms, found 4 plugins.
Preloading 0 native plugins for Editor in 0.00 ms.
Unloading 3918 Unused Serialized files (Serialized files now loaded: 0)
Unloading 27 unused Assets / (192.7 KB). Loaded Objects now: 4451.
Memory consumption went from 153.1 MB to 152.9 MB.
Total: 35.460900 ms (FindLiveObjects: 4.432900 ms CreateObjectMapping: 2.201700 ms MarkObjects: 27.338600 ms  DeleteObjects: 1.125000 ms)

AssetImportParameters requested are different than current active one (requested -> active):
  custom:video-decoder-ogg-theora: a1e56fd34408186e4bbccfd4996cb3dc -> 
  custom:container-muxer-webm: aa71ff27fc2769a1b78a27578f13a17b -> 
  custom:container-demuxer-webm: 4f35f7cbe854078d1ac9338744f61a02 -> 
  custom:video-encoder-webm-vp8: eb34c28f22e8b96e1ab97ce403110664 -> 
  custom:audio-encoder-webm-vorbis: bf7c407c2cedff20999df2af8eb42d56 -> 
  custom:framework-win-MediaFoundation: 216162199b28c13a410421893ffa2e32 -> 
  custom:container-demuxer-ogg: 62fdf1f143b41e24485cea50d1cbac27 -> 
  custom:video-decoder-webm-vp8: 9c59270c3fd7afecdb556c50c9e8de78 -> 
  custom:audio-decoder-ogg-vorbis: bf7c407c2cedff20999df2af8eb42d56 -> 
========================================================================
Received Import Request.
  Time since last request: 599.837744 seconds.
  path: Assets/Scenes/MainMenu.unity
  artifactKey: Guid(2cda990e2423bbf4892e6590ba056729) Importer(815301076,1909f56bfc062723c751e8b465ee728b)
Start importing Assets/Scenes/MainMenu.unity using Guid(2cda990e2423bbf4892e6590ba056729) Importer(815301076,1909f56bfc062723c751e8b465ee728b)  -> (artifact id: '1d1fdf725cffaf62dd84e66a941d22eb') in 1.666121 seconds 
========================================================================
Received Import Request.
  Time since last request: 0.001445 seconds.
  path: Assets/Scenes/Levels.unity
  artifactKey: Guid(000ea3bd93989b04daf01f8093868a9e) Importer(815301076,1909f56bfc062723c751e8b465ee728b)
Start importing Assets/Scenes/Levels.unity using Guid(000ea3bd93989b04daf01f8093868a9e) Importer(815301076,1909f56bfc062723c751e8b465ee728b)  -> (artifact id: '911cf6a2a5f480e65d53314c7cb9d9d4') in 0.015466 seconds 
========================================================================
Received Import Request.
  Time since last request: 276.942538 seconds.
  path: Assets/Scenes/Levels.unity
  artifactKey: Guid(000ea3bd93989b04daf01f8093868a9e) Importer(815301076,1909f56bfc062723c751e8b465ee728b)
Start importing Assets/Scenes/Levels.unity using Guid(000ea3bd93989b04daf01f8093868a9e) Importer(815301076,1909f56bfc062723c751e8b465ee728b)  -> (artifact id: '4d2bc1c35c717dace3e0498761928296') in 0.032193 seconds 
========================================================================
Received Import Request.
  Time since last request: 48.775719 seconds.
  path: Assets/Scenes/Levels.unity
  artifactKey: Guid(000ea3bd93989b04daf01f8093868a9e) Importer(815301076,1909f56bfc062723c751e8b465ee728b)
Start importing Assets/Scenes/Levels.unity using Guid(000ea3bd93989b04daf01f8093868a9e) Importer(815301076,1909f56bfc062723c751e8b465ee728b)  -> (artifact id: '1b812da9abedd4f3f9d2ec586823c015') in 0.272086 seconds 
========================================================================
Received Import Request.
  Time since last request: 320.075066 seconds.
  path: Assets/Scenes/Levels.unity
  artifactKey: Guid(000ea3bd93989b04daf01f8093868a9e) Importer(815301076,1909f56bfc062723c751e8b465ee728b)
Start importing Assets/Scenes/Levels.unity using Guid(000ea3bd93989b04daf01f8093868a9e) Importer(815301076,1909f56bfc062723c751e8b465ee728b)  -> (artifact id: '32771e96b11fc714fd8f613d0b4aeb9a') in 0.032323 seconds 
========================================================================
Received Prepare
Registering precompiled user dll's ...
Registered in 0.029775 seconds.
Begin MonoManager ReloadAssembly
Native extension for WindowsStandalone target not found
Refreshing native plugins compatible for Editor in 22.51 ms, found 4 plugins.
Preloading 0 native plugins for Editor in 0.00 ms.
Mono: successfully reloaded assembly
- Completed reload, in 13.739 seconds
Domain Reload Profiling:
	ReloadAssembly (13762ms)
		BeginReloadAssembly (7631ms)
			ExecutionOrderSort (1ms)
			DisableScriptedObjects (469ms)
			BackupInstance (0ms)
			ReleaseScriptingObjects (4ms)
			CreateAndSetChildDomain (3096ms)
		EndReloadAssembly (5057ms)
			LoadAssemblies (4865ms)
			RebuildTransferFunctionScriptingTraits (10ms)
			SetupTypeCache (1043ms)
			ReleaseScriptCaches (120ms)
			RebuildScriptCaches (138ms)
			SetupLoadedEditorAssemblies (1851ms)
				LogAssemblyErrors (0ms)
				InitializePlatformSupportModulesInManaged (129ms)
				SetLoadedEditorAssemblies (4ms)
				RefreshPlugins (23ms)
				BeforeProcessingInitializeOnLoad (401ms)
				ProcessInitializeOnLoadAttributes (1068ms)
				ProcessInitializeOnLoadMethodAttributes (207ms)
				AfterProcessingInitializeOnLoad (18ms)
				EditorAssembliesLoaded (1ms)
			ExecutionOrderSort2 (0ms)
			AwakeInstancesAfterBackupRestoration (46ms)
Platform modules already initialized, skipping
Refreshing native plugins compatible for Editor in 17.58 ms, found 4 plugins.
Preloading 0 native plugins for Editor in 0.00 ms.
Unloading 3918 Unused Serialized files (Serialized files now loaded: 0)
Unloading 27 unused Assets / (192.6 KB). Loaded Objects now: 4454.
Memory consumption went from 153.1 MB to 152.9 MB.
Total: 94.321500 ms (FindLiveObjects: 5.822700 ms CreateObjectMapping: 5.598200 ms MarkObjects: 81.517200 ms  DeleteObjects: 1.370800 ms)

AssetImportParameters requested are different than current active one (requested -> active):
  custom:video-decoder-ogg-theora: a1e56fd34408186e4bbccfd4996cb3dc -> 
  custom:container-muxer-webm: aa71ff27fc2769a1b78a27578f13a17b -> 
  custom:container-demuxer-webm: 4f35f7cbe854078d1ac9338744f61a02 -> 
  custom:video-encoder-webm-vp8: eb34c28f22e8b96e1ab97ce403110664 -> 
  custom:audio-encoder-webm-vorbis: bf7c407c2cedff20999df2af8eb42d56 -> 
  custom:framework-win-MediaFoundation: 216162199b28c13a410421893ffa2e32 -> 
  custom:container-demuxer-ogg: 62fdf1f143b41e24485cea50d1cbac27 -> 
  custom:video-decoder-webm-vp8: 9c59270c3fd7afecdb556c50c9e8de78 -> 
  custom:audio-decoder-ogg-vorbis: bf7c407c2cedff20999df2af8eb42d56 -> 
========================================================================
Received Import Request.
  Time since last request: 86.979947 seconds.
  path: Assets/Scenes/Levels.unity
  artifactKey: Guid(000ea3bd93989b04daf01f8093868a9e) Importer(815301076,1909f56bfc062723c751e8b465ee728b)
Start importing Assets/Scenes/Levels.unity using Guid(000ea3bd93989b04daf01f8093868a9e) Importer(815301076,1909f56bfc062723c751e8b465ee728b)  -> (artifact id: 'a3af5fc6309dbadc11538fa09bf9a847') in 0.390460 seconds 
========================================================================
Received Prepare
Registering precompiled user dll's ...
Registered in 0.256997 seconds.
Begin MonoManager ReloadAssembly
Native extension for WindowsStandalone target not found
Refreshing native plugins compatible for Editor in 54.83 ms, found 4 plugins.
Preloading 0 native plugins for Editor in 0.00 ms.
Mono: successfully reloaded assembly
- Completed reload, in 14.280 seconds
Domain Reload Profiling:
	ReloadAssembly (14305ms)
		BeginReloadAssembly (4855ms)
			ExecutionOrderSort (0ms)
			DisableScriptedObjects (340ms)
			BackupInstance (0ms)
			ReleaseScriptingObjects (2ms)
			CreateAndSetChildDomain (2427ms)
		EndReloadAssembly (7186ms)
			LoadAssemblies (3035ms)
			RebuildTransferFunctionScriptingTraits (13ms)
			SetupTypeCache (1702ms)
			ReleaseScriptCaches (97ms)
			RebuildScriptCaches (402ms)
			SetupLoadedEditorAssemblies (2513ms)
				LogAssemblyErrors (0ms)
				InitializePlatformSupportModulesInManaged (78ms)
				SetLoadedEditorAssemblies (3ms)
				RefreshPlugins (56ms)
				BeforeProcessingInitializeOnLoad (567ms)
				ProcessInitializeOnLoadAttributes (1509ms)
				ProcessInitializeOnLoadMethodAttributes (265ms)
				AfterProcessingInitializeOnLoad (33ms)
				EditorAssembliesLoaded (1ms)
			ExecutionOrderSort2 (0ms)
			AwakeInstancesAfterBackupRestoration (51ms)
Platform modules already initialized, skipping
Refreshing native plugins compatible for Editor in 30.04 ms, found 4 plugins.
Preloading 0 native plugins for Editor in 0.00 ms.
Unloading 3918 Unused Serialized files (Serialized files now loaded: 0)
Unloading 27 unused Assets / (192.7 KB). Loaded Objects now: 4457.
Memory consumption went from 153.1 MB to 152.9 MB.
Total: 155.513900 ms (FindLiveObjects: 22.463600 ms CreateObjectMapping: 2.291700 ms MarkObjects: 128.891300 ms  DeleteObjects: 1.208700 ms)

AssetImportParameters requested are different than current active one (requested -> active):
  custom:video-decoder-ogg-theora: a1e56fd34408186e4bbccfd4996cb3dc -> 
  custom:container-muxer-webm: aa71ff27fc2769a1b78a27578f13a17b -> 
  custom:container-demuxer-webm: 4f35f7cbe854078d1ac9338744f61a02 -> 
  custom:video-encoder-webm-vp8: eb34c28f22e8b96e1ab97ce403110664 -> 
  custom:audio-encoder-webm-vorbis: bf7c407c2cedff20999df2af8eb42d56 -> 
  custom:framework-win-MediaFoundation: 216162199b28c13a410421893ffa2e32 -> 
  custom:container-demuxer-ogg: 62fdf1f143b41e24485cea50d1cbac27 -> 
  custom:video-decoder-webm-vp8: 9c59270c3fd7afecdb556c50c9e8de78 -> 
  custom:audio-decoder-ogg-vorbis: bf7c407c2cedff20999df2af8eb42d56 -> 
========================================================================
Received Prepare
Registering precompiled user dll's ...
Registered in 0.070891 seconds.
Begin MonoManager ReloadAssembly
Native extension for WindowsStandalone target not found
Refreshing native plugins compatible for Editor in 113.49 ms, found 4 plugins.
Preloading 0 native plugins for Editor in 0.00 ms.
Mono: successfully reloaded assembly
- Completed reload, in 22.663 seconds
Domain Reload Profiling:
	ReloadAssembly (22695ms)
		BeginReloadAssembly (9678ms)
			ExecutionOrderSort (3ms)
			DisableScriptedObjects (3667ms)
			BackupInstance (0ms)
			ReleaseScriptingObjects (0ms)
			CreateAndSetChildDomain (4866ms)
		EndReloadAssembly (11482ms)
			LoadAssemblies (1516ms)
			RebuildTransferFunctionScriptingTraits (6ms)
			SetupTypeCache (3845ms)
			ReleaseScriptCaches (156ms)
			RebuildScriptCaches (1278ms)
			SetupLoadedEditorAssemblies (3922ms)
				LogAssemblyErrors (0ms)
				InitializePlatformSupportModulesInManaged (118ms)
				SetLoadedEditorAssemblies (5ms)
				RefreshPlugins (115ms)
				BeforeProcessingInitializeOnLoad (1156ms)
				ProcessInitializeOnLoadAttributes (2391ms)
				ProcessInitializeOnLoadMethodAttributes (112ms)
				AfterProcessingInitializeOnLoad (23ms)
				EditorAssembliesLoaded (1ms)
			ExecutionOrderSort2 (0ms)
			AwakeInstancesAfterBackupRestoration (37ms)
Platform modules already initialized, skipping
Refreshing native plugins compatible for Editor in 25.92 ms, found 4 plugins.
Preloading 0 native plugins for Editor in 0.00 ms.
Unloading 3918 Unused Serialized files (Serialized files now loaded: 0)
Unloading 27 unused Assets / (192.5 KB). Loaded Objects now: 4460.
Memory consumption went from 153.1 MB to 152.9 MB.
Total: 63.393700 ms (FindLiveObjects: 5.884500 ms CreateObjectMapping: 1.359100 ms MarkObjects: 53.213000 ms  DeleteObjects: 2.588500 ms)

AssetImportParameters requested are different than current active one (requested -> active):
  custom:video-decoder-ogg-theora: a1e56fd34408186e4bbccfd4996cb3dc -> 
  custom:container-muxer-webm: aa71ff27fc2769a1b78a27578f13a17b -> 
  custom:container-demuxer-webm: 4f35f7cbe854078d1ac9338744f61a02 -> 
  custom:video-encoder-webm-vp8: eb34c28f22e8b96e1ab97ce403110664 -> 
  custom:audio-encoder-webm-vorbis: bf7c407c2cedff20999df2af8eb42d56 -> 
  custom:framework-win-MediaFoundation: 216162199b28c13a410421893ffa2e32 -> 
  custom:container-demuxer-ogg: 62fdf1f143b41e24485cea50d1cbac27 -> 
  custom:video-decoder-webm-vp8: 9c59270c3fd7afecdb556c50c9e8de78 -> 
  custom:audio-decoder-ogg-vorbis: bf7c407c2cedff20999df2af8eb42d56 -> 
========================================================================
Received Import Request.
  Time since last request: 219.995077 seconds.
  path: Assets/Scenes/Game.unity
  artifactKey: Guid(24e06906d605ee14f9ed3c4e651b0a1a) Importer(815301076,1909f56bfc062723c751e8b465ee728b)
Start importing Assets/Scenes/Game.unity using Guid(24e06906d605ee14f9ed3c4e651b0a1a) Importer(815301076,1909f56bfc062723c751e8b465ee728b)  -> (artifact id: '95c1a40077a6b215f17d385f31f5a365') in 0.076010 seconds 
========================================================================
Received Prepare
Registering precompiled user dll's ...
Registered in 0.015678 seconds.
Begin MonoManager ReloadAssembly
Native extension for WindowsStandalone target not found
Refreshing native plugins compatible for Editor in 26.59 ms, found 4 plugins.
Preloading 0 native plugins for Editor in 0.00 ms.
Mono: successfully reloaded assembly
- Completed reload, in 18.631 seconds
Domain Reload Profiling:
	ReloadAssembly (18661ms)
		BeginReloadAssembly (6810ms)
			ExecutionOrderSort (1ms)
			DisableScriptedObjects (483ms)
			BackupInstance (0ms)
			ReleaseScriptingObjects (21ms)
			CreateAndSetChildDomain (2704ms)
		EndReloadAssembly (10840ms)
			LoadAssemblies (2745ms)
			RebuildTransferFunctionScriptingTraits (12ms)
			SetupTypeCache (3886ms)
			ReleaseScriptCaches (77ms)
			RebuildScriptCaches (116ms)
			SetupLoadedEditorAssemblies (5714ms)
				LogAssemblyErrors (0ms)
				InitializePlatformSupportModulesInManaged (117ms)
				SetLoadedEditorAssemblies (2ms)
				RefreshPlugins (27ms)
				BeforeProcessingInitializeOnLoad (388ms)
				ProcessInitializeOnLoadAttributes (5052ms)
				ProcessInitializeOnLoadMethodAttributes (94ms)
				AfterProcessingInitializeOnLoad (31ms)
				EditorAssembliesLoaded (1ms)
			ExecutionOrderSort2 (0ms)
			AwakeInstancesAfterBackupRestoration (23ms)
Platform modules already initialized, skipping
Refreshing native plugins compatible for Editor in 25.42 ms, found 4 plugins.
Preloading 0 native plugins for Editor in 0.00 ms.
Unloading 3918 Unused Serialized files (Serialized files now loaded: 0)
Unloading 27 unused Assets / (192.7 KB). Loaded Objects now: 4463.
Memory consumption went from 153.1 MB to 152.9 MB.
Total: 94.568200 ms (FindLiveObjects: 10.733600 ms CreateObjectMapping: 1.445900 ms MarkObjects: 66.596300 ms  DeleteObjects: 15.781800 ms)

AssetImportParameters requested are different than current active one (requested -> active):
  custom:video-decoder-ogg-theora: a1e56fd34408186e4bbccfd4996cb3dc -> 
  custom:container-muxer-webm: aa71ff27fc2769a1b78a27578f13a17b -> 
  custom:container-demuxer-webm: 4f35f7cbe854078d1ac9338744f61a02 -> 
  custom:video-encoder-webm-vp8: eb34c28f22e8b96e1ab97ce403110664 -> 
  custom:audio-encoder-webm-vorbis: bf7c407c2cedff20999df2af8eb42d56 -> 
  custom:framework-win-MediaFoundation: 216162199b28c13a410421893ffa2e32 -> 
  custom:container-demuxer-ogg: 62fdf1f143b41e24485cea50d1cbac27 -> 
  custom:video-decoder-webm-vp8: 9c59270c3fd7afecdb556c50c9e8de78 -> 
  custom:audio-decoder-ogg-vorbis: bf7c407c2cedff20999df2af8eb42d56 -> 
========================================================================
Received Prepare
Registering precompiled user dll's ...
Registered in 0.061783 seconds.
Begin MonoManager ReloadAssembly
Native extension for WindowsStandalone target not found
Refreshing native plugins compatible for Editor in 26.66 ms, found 4 plugins.
Preloading 0 native plugins for Editor in 0.00 ms.
Mono: successfully reloaded assembly
- Completed reload, in  9.318 seconds
Domain Reload Profiling:
	ReloadAssembly (9340ms)
		BeginReloadAssembly (4247ms)
			ExecutionOrderSort (2ms)
			DisableScriptedObjects (1283ms)
			BackupInstance (0ms)
			ReleaseScriptingObjects (5ms)
			CreateAndSetChildDomain (1719ms)
		EndReloadAssembly (4533ms)
			LoadAssemblies (1028ms)
			RebuildTransferFunctionScriptingTraits (75ms)
			SetupTypeCache (1446ms)
			ReleaseScriptCaches (75ms)
			RebuildScriptCaches (333ms)
			SetupLoadedEditorAssemblies (1257ms)
				LogAssemblyErrors (0ms)
				InitializePlatformSupportModulesInManaged (64ms)
				SetLoadedEditorAssemblies (3ms)
				RefreshPlugins (30ms)
				BeforeProcessingInitializeOnLoad (394ms)
				ProcessInitializeOnLoadAttributes (621ms)
				ProcessInitializeOnLoadMethodAttributes (125ms)
				AfterProcessingInitializeOnLoad (18ms)
				EditorAssembliesLoaded (1ms)
			ExecutionOrderSort2 (0ms)
			AwakeInstancesAfterBackupRestoration (21ms)
Platform modules already initialized, skipping
Refreshing native plugins compatible for Editor in 14.45 ms, found 4 plugins.
Preloading 0 native plugins for Editor in 0.00 ms.
Unloading 3918 Unused Serialized files (Serialized files now loaded: 0)
Unloading 27 unused Assets / (192.6 KB). Loaded Objects now: 4466.
Memory consumption went from 153.1 MB to 152.9 MB.
Total: 27.077500 ms (FindLiveObjects: 2.282400 ms CreateObjectMapping: 1.899600 ms MarkObjects: 21.729800 ms  DeleteObjects: 1.158600 ms)

AssetImportParameters requested are different than current active one (requested -> active):
  custom:video-decoder-ogg-theora: a1e56fd34408186e4bbccfd4996cb3dc -> 
  custom:container-muxer-webm: aa71ff27fc2769a1b78a27578f13a17b -> 
  custom:container-demuxer-webm: 4f35f7cbe854078d1ac9338744f61a02 -> 
  custom:video-encoder-webm-vp8: eb34c28f22e8b96e1ab97ce403110664 -> 
  custom:audio-encoder-webm-vorbis: bf7c407c2cedff20999df2af8eb42d56 -> 
  custom:framework-win-MediaFoundation: 216162199b28c13a410421893ffa2e32 -> 
  custom:container-demuxer-ogg: 62fdf1f143b41e24485cea50d1cbac27 -> 
  custom:video-decoder-webm-vp8: 9c59270c3fd7afecdb556c50c9e8de78 -> 
  custom:audio-decoder-ogg-vorbis: bf7c407c2cedff20999df2af8eb42d56 -> 
========================================================================
Received Prepare
Registering precompiled user dll's ...
Registered in 0.221636 seconds.
Begin MonoManager ReloadAssembly
Native extension for WindowsStandalone target not found
Refreshing native plugins compatible for Editor in 38.30 ms, found 4 plugins.
Preloading 0 native plugins for Editor in 0.00 ms.
Mono: successfully reloaded assembly
- Completed reload, in  7.880 seconds
Domain Reload Profiling:
	ReloadAssembly (7898ms)
		BeginReloadAssembly (2840ms)
			ExecutionOrderSort (1ms)
			DisableScriptedObjects (159ms)
			BackupInstance (0ms)
			ReleaseScriptingObjects (0ms)
			CreateAndSetChildDomain (1390ms)
		EndReloadAssembly (4487ms)
			LoadAssemblies (1587ms)
			RebuildTransferFunctionScriptingTraits (7ms)
			SetupTypeCache (2216ms)
			ReleaseScriptCaches (38ms)
			RebuildScriptCaches (113ms)
			SetupLoadedEditorAssemblies (1158ms)
				LogAssemblyErrors (0ms)
				InitializePlatformSupportModulesInManaged (116ms)
				SetLoadedEditorAssemblies (11ms)
				RefreshPlugins (40ms)
				BeforeProcessingInitializeOnLoad (292ms)
				ProcessInitializeOnLoadAttributes (562ms)
				ProcessInitializeOnLoadMethodAttributes (116ms)
				AfterProcessingInitializeOnLoad (19ms)
				EditorAssembliesLoaded (1ms)
			ExecutionOrderSort2 (0ms)
			AwakeInstancesAfterBackupRestoration (30ms)
Platform modules already initialized, skipping
Refreshing native plugins compatible for Editor in 32.70 ms, found 4 plugins.
Preloading 0 native plugins for Editor in 0.00 ms.
Unloading 3918 Unused Serialized files (Serialized files now loaded: 0)
Unloading 27 unused Assets / (192.6 KB). Loaded Objects now: 4469.
Memory consumption went from 153.1 MB to 152.9 MB.
Total: 32.611800 ms (FindLiveObjects: 1.498700 ms CreateObjectMapping: 3.276700 ms MarkObjects: 25.360400 ms  DeleteObjects: 2.159600 ms)

AssetImportParameters requested are different than current active one (requested -> active):
  custom:video-decoder-ogg-theora: a1e56fd34408186e4bbccfd4996cb3dc -> 
  custom:container-muxer-webm: aa71ff27fc2769a1b78a27578f13a17b -> 
  custom:container-demuxer-webm: 4f35f7cbe854078d1ac9338744f61a02 -> 
  custom:video-encoder-webm-vp8: eb34c28f22e8b96e1ab97ce403110664 -> 
  custom:audio-encoder-webm-vorbis: bf7c407c2cedff20999df2af8eb42d56 -> 
  custom:framework-win-MediaFoundation: 216162199b28c13a410421893ffa2e32 -> 
  custom:container-demuxer-ogg: 62fdf1f143b41e24485cea50d1cbac27 -> 
  custom:video-decoder-webm-vp8: 9c59270c3fd7afecdb556c50c9e8de78 -> 
  custom:audio-decoder-ogg-vorbis: bf7c407c2cedff20999df2af8eb42d56 -> 
========================================================================
Received Import Request.
  Time since last request: 790.470795 seconds.
  path: Assets/Scenes/Levels.unity
  artifactKey: Guid(000ea3bd93989b04daf01f8093868a9e) Importer(815301076,1909f56bfc062723c751e8b465ee728b)
Start importing Assets/Scenes/Levels.unity using Guid(000ea3bd93989b04daf01f8093868a9e) Importer(815301076,1909f56bfc062723c751e8b465ee728b)  -> (artifact id: '07498eaef0c4ba7941384da1ccfaf690') in 3.200327 seconds 
========================================================================
Received Import Request.
  Time since last request: 70.626471 seconds.
  path: Assets/Scenes/Levels.unity
  artifactKey: Guid(000ea3bd93989b04daf01f8093868a9e) Importer(815301076,1909f56bfc062723c751e8b465ee728b)
Start importing Assets/Scenes/Levels.unity using Guid(000ea3bd93989b04daf01f8093868a9e) Importer(815301076,1909f56bfc062723c751e8b465ee728b)  -> (artifact id: '6605f42f2ffa6c6fdfcf749e73ffbd6a') in 0.035067 seconds 
========================================================================
Received Prepare
Registering precompiled user dll's ...
Registered in 0.030821 seconds.
Begin MonoManager ReloadAssembly
Native extension for WindowsStandalone target not found
Refreshing native plugins compatible for Editor in 121.95 ms, found 4 plugins.
Preloading 0 native plugins for Editor in 0.00 ms.
Mono: successfully reloaded assembly
- Completed reload, in 98.965 seconds
Domain Reload Profiling:
	ReloadAssembly (98982ms)
		BeginReloadAssembly (58386ms)
			ExecutionOrderSort (0ms)
			DisableScriptedObjects (3549ms)
			BackupInstance (0ms)
			ReleaseScriptingObjects (13ms)
			CreateAndSetChildDomain (47005ms)
		EndReloadAssembly (34681ms)
			LoadAssemblies (10726ms)
			RebuildTransferFunctionScriptingTraits (36ms)
			SetupTypeCache (10866ms)
			ReleaseScriptCaches (5998ms)
			RebuildScriptCaches (1802ms)
			SetupLoadedEditorAssemblies (7299ms)
				LogAssemblyErrors (0ms)
				InitializePlatformSupportModulesInManaged (371ms)
				SetLoadedEditorAssemblies (8ms)
				RefreshPlugins (123ms)
				BeforeProcessingInitializeOnLoad (883ms)
				ProcessInitializeOnLoadAttributes (5387ms)
				ProcessInitializeOnLoadMethodAttributes (304ms)
				AfterProcessingInitializeOnLoad (217ms)
				EditorAssembliesLoaded (5ms)
			ExecutionOrderSort2 (1ms)
			AwakeInstancesAfterBackupRestoration (52ms)
Platform modules already initialized, skipping
Refreshing native plugins compatible for Editor in 39.87 ms, found 4 plugins.
Preloading 0 native plugins for Editor in 0.00 ms.
Unloading 3918 Unused Serialized files (Serialized files now loaded: 0)
Unloading 27 unused Assets / (192.5 KB). Loaded Objects now: 4472.
Memory consumption went from 153.1 MB to 152.9 MB.
Total: 111.503600 ms (FindLiveObjects: 16.659300 ms CreateObjectMapping: 2.291300 ms MarkObjects: 87.239700 ms  DeleteObjects: 4.879300 ms)

AssetImportParameters requested are different than current active one (requested -> active):
  custom:video-decoder-ogg-theora: a1e56fd34408186e4bbccfd4996cb3dc -> 
  custom:container-muxer-webm: aa71ff27fc2769a1b78a27578f13a17b -> 
  custom:container-demuxer-webm: 4f35f7cbe854078d1ac9338744f61a02 -> 
  custom:video-encoder-webm-vp8: eb34c28f22e8b96e1ab97ce403110664 -> 
  custom:audio-encoder-webm-vorbis: bf7c407c2cedff20999df2af8eb42d56 -> 
  custom:framework-win-MediaFoundation: 216162199b28c13a410421893ffa2e32 -> 
  custom:container-demuxer-ogg: 62fdf1f143b41e24485cea50d1cbac27 -> 
  custom:video-decoder-webm-vp8: 9c59270c3fd7afecdb556c50c9e8de78 -> 
  custom:audio-decoder-ogg-vorbis: bf7c407c2cedff20999df2af8eb42d56 -> 
========================================================================
Received Prepare
Registering precompiled user dll's ...
Registered in 0.049912 seconds.
Begin MonoManager ReloadAssembly
Native extension for WindowsStandalone target not found
Refreshing native plugins compatible for Editor in 24.27 ms, found 4 plugins.
Preloading 0 native plugins for Editor in 0.00 ms.
Mono: successfully reloaded assembly
- Completed reload, in  5.385 seconds
Domain Reload Profiling:
	ReloadAssembly (5394ms)
		BeginReloadAssembly (1580ms)
			ExecutionOrderSort (1ms)
			DisableScriptedObjects (121ms)
			BackupInstance (0ms)
			ReleaseScriptingObjects (0ms)
			CreateAndSetChildDomain (897ms)
		EndReloadAssembly (3145ms)
			LoadAssemblies (751ms)
			RebuildTransferFunctionScriptingTraits (2ms)
			SetupTypeCache (645ms)
			ReleaseScriptCaches (13ms)
			RebuildScriptCaches (224ms)
			SetupLoadedEditorAssemblies (1279ms)
				LogAssemblyErrors (0ms)
				InitializePlatformSupportModulesInManaged (72ms)
				SetLoadedEditorAssemblies (6ms)
				RefreshPlugins (28ms)
				BeforeProcessingInitializeOnLoad (314ms)
				ProcessInitializeOnLoadAttributes (730ms)
				ProcessInitializeOnLoadMethodAttributes (112ms)
				AfterProcessingInitializeOnLoad (16ms)
				EditorAssembliesLoaded (1ms)
			ExecutionOrderSort2 (0ms)
			AwakeInstancesAfterBackupRestoration (26ms)
Platform modules already initialized, skipping
Refreshing native plugins compatible for Editor in 30.15 ms, found 4 plugins.
Preloading 0 native plugins for Editor in 0.00 ms.
Unloading 3918 Unused Serialized files (Serialized files now loaded: 0)
Unloading 27 unused Assets / (192.5 KB). Loaded Objects now: 4475.
Memory consumption went from 153.1 MB to 152.9 MB.
Total: 30.737100 ms (FindLiveObjects: 5.308100 ms CreateObjectMapping: 0.706500 ms MarkObjects: 21.604000 ms  DeleteObjects: 3.106400 ms)

AssetImportParameters requested are different than current active one (requested -> active):
  custom:video-decoder-ogg-theora: a1e56fd34408186e4bbccfd4996cb3dc -> 
  custom:container-muxer-webm: aa71ff27fc2769a1b78a27578f13a17b -> 
  custom:container-demuxer-webm: 4f35f7cbe854078d1ac9338744f61a02 -> 
  custom:video-encoder-webm-vp8: eb34c28f22e8b96e1ab97ce403110664 -> 
  custom:audio-encoder-webm-vorbis: bf7c407c2cedff20999df2af8eb42d56 -> 
  custom:framework-win-MediaFoundation: 216162199b28c13a410421893ffa2e32 -> 
  custom:container-demuxer-ogg: 62fdf1f143b41e24485cea50d1cbac27 -> 
  custom:video-decoder-webm-vp8: 9c59270c3fd7afecdb556c50c9e8de78 -> 
  custom:audio-decoder-ogg-vorbis: bf7c407c2cedff20999df2af8eb42d56 -> 
========================================================================
Received Import Request.
  Time since last request: 564.682738 seconds.
  path: Assets/Sprites/Уровень.png
  artifactKey: Guid(5f8934d4d6428dc49b7354de4d31cc52) Importer(815301076,1909f56bfc062723c751e8b465ee728b)
Start importing Assets/Sprites/Уровень.png using Guid(5f8934d4d6428dc49b7354de4d31cc52) Importer(815301076,1909f56bfc062723c751e8b465ee728b)  -> (artifact id: 'be8cbf529f6af28cc53f02f895191749') in 3.112382 seconds 
========================================================================
Received Import Request.
  Time since last request: 106.640878 seconds.
  path: Assets/Sprites/Уровень.png
  artifactKey: Guid(5f8934d4d6428dc49b7354de4d31cc52) Importer(815301076,1909f56bfc062723c751e8b465ee728b)
Start importing Assets/Sprites/Уровень.png using Guid(5f8934d4d6428dc49b7354de4d31cc52) Importer(815301076,1909f56bfc062723c751e8b465ee728b)  -> (artifact id: '6befc8c975fc94c82f8272daec28f764') in 0.401195 seconds 
========================================================================
Received Import Request.
  Time since last request: 74.446329 seconds.
  path: Assets/Sprites/Уровень.png
  artifactKey: Guid(5f8934d4d6428dc49b7354de4d31cc52) Importer(815301076,1909f56bfc062723c751e8b465ee728b)
Start importing Assets/Sprites/Уровень.png using Guid(5f8934d4d6428dc49b7354de4d31cc52) Importer(815301076,1909f56bfc062723c751e8b465ee728b)  -> (artifact id: '58396202b8de95fc687886cc9d5fbecd') in 0.924929 seconds 
========================================================================
Received Import Request.
  Time since last request: 100.131761 seconds.
  path: Assets/Sprites/Уровень.png
  artifactKey: Guid(5f8934d4d6428dc49b7354de4d31cc52) Importer(815301076,1909f56bfc062723c751e8b465ee728b)
Start importing Assets/Sprites/Уровень.png using Guid(5f8934d4d6428dc49b7354de4d31cc52) Importer(815301076,1909f56bfc062723c751e8b465ee728b)  -> (artifact id: '48845cc45c36a7b0dae1080da6cbd799') in 0.739857 seconds 
========================================================================
Received Import Request.
  Time since last request: 833.582170 seconds.
  path: Assets/Sprites/Уровень.png
  artifactKey: Guid(5f8934d4d6428dc49b7354de4d31cc52) Importer(815301076,1909f56bfc062723c751e8b465ee728b)
Start importing Assets/Sprites/Уровень.png using Guid(5f8934d4d6428dc49b7354de4d31cc52) Importer(815301076,1909f56bfc062723c751e8b465ee728b)  -> (artifact id: 'bf7363fb5983a08e8e5a5b2104343663') in 3.421927 seconds 
========================================================================
Received Import Request.
  Time since last request: 86.832958 seconds.
  path: Assets/Sprites/Уровень.png
  artifactKey: Guid(5f8934d4d6428dc49b7354de4d31cc52) Importer(815301076,1909f56bfc062723c751e8b465ee728b)
Start importing Assets/Sprites/Уровень.png using Guid(5f8934d4d6428dc49b7354de4d31cc52) Importer(815301076,1909f56bfc062723c751e8b465ee728b)  -> (artifact id: '457c3173f4be30228be255339cea1ff4') in 0.940544 seconds 
========================================================================
Received Import Request.
  Time since last request: 72.016065 seconds.
  path: Assets/Sprites/Уровень.png
  artifactKey: Guid(5f8934d4d6428dc49b7354de4d31cc52) Importer(815301076,1909f56bfc062723c751e8b465ee728b)
Start importing Assets/Sprites/Уровень.png using Guid(5f8934d4d6428dc49b7354de4d31cc52) Importer(815301076,1909f56bfc062723c751e8b465ee728b)  -> (artifact id: 'cfc29be16636b22977d8454685446820') in 0.744177 seconds 
========================================================================
Received Prepare
Registering precompiled user dll's ...
Registered in 0.018819 seconds.
Begin MonoManager ReloadAssembly
Native extension for WindowsStandalone target not found
Refreshing native plugins compatible for Editor in 164.19 ms, found 4 plugins.
Preloading 0 native plugins for Editor in 0.00 ms.
Mono: successfully reloaded assembly
- Completed reload, in 36.297 seconds
Domain Reload Profiling:
	ReloadAssembly (36367ms)
		BeginReloadAssembly (30160ms)
			ExecutionOrderSort (1ms)
			DisableScriptedObjects (3419ms)
			BackupInstance (0ms)
			ReleaseScriptingObjects (5ms)
			CreateAndSetChildDomain (22111ms)
		EndReloadAssembly (5515ms)
			LoadAssemblies (1165ms)
			RebuildTransferFunctionScriptingTraits (13ms)
			SetupTypeCache (1464ms)
			ReleaseScriptCaches (350ms)
			RebuildScriptCaches (182ms)
			SetupLoadedEditorAssemblies (2090ms)
				LogAssemblyErrors (0ms)
				InitializePlatformSupportModulesInManaged (150ms)
				SetLoadedEditorAssemblies (7ms)
				RefreshPlugins (165ms)
				BeforeProcessingInitializeOnLoad (387ms)
				ProcessInitializeOnLoadAttributes (1082ms)
				ProcessInitializeOnLoadMethodAttributes (267ms)
				AfterProcessingInitializeOnLoad (30ms)
				EditorAssembliesLoaded (1ms)
			ExecutionOrderSort2 (0ms)
			AwakeInstancesAfterBackupRestoration (30ms)
Platform modules already initialized, skipping
Refreshing native plugins compatible for Editor in 21.21 ms, found 4 plugins.
Preloading 0 native plugins for Editor in 0.00 ms.
Unloading 3918 Unused Serialized files (Serialized files now loaded: 0)
Unloading 27 unused Assets / (192.6 KB). Loaded Objects now: 4478.
Memory consumption went from 153.1 MB to 153.0 MB.
Total: 72.180000 ms (FindLiveObjects: 7.503100 ms CreateObjectMapping: 2.545700 ms MarkObjects: 59.188500 ms  DeleteObjects: 2.593000 ms)

AssetImportParameters requested are different than current active one (requested -> active):
  custom:video-decoder-ogg-theora: a1e56fd34408186e4bbccfd4996cb3dc -> 
  custom:container-muxer-webm: aa71ff27fc2769a1b78a27578f13a17b -> 
  custom:container-demuxer-webm: 4f35f7cbe854078d1ac9338744f61a02 -> 
  custom:video-encoder-webm-vp8: eb34c28f22e8b96e1ab97ce403110664 -> 
  custom:audio-encoder-webm-vorbis: bf7c407c2cedff20999df2af8eb42d56 -> 
  custom:framework-win-MediaFoundation: 216162199b28c13a410421893ffa2e32 -> 
  custom:container-demuxer-ogg: 62fdf1f143b41e24485cea50d1cbac27 -> 
  custom:video-decoder-webm-vp8: 9c59270c3fd7afecdb556c50c9e8de78 -> 
  custom:audio-decoder-ogg-vorbis: bf7c407c2cedff20999df2af8eb42d56 -> 
========================================================================
Received Prepare
Registering precompiled user dll's ...
Registered in 0.059670 seconds.
Begin MonoManager ReloadAssembly
Native extension for WindowsStandalone target not found
Refreshing native plugins compatible for Editor in 55.18 ms, found 4 plugins.
Preloading 0 native plugins for Editor in 0.00 ms.
Mono: successfully reloaded assembly
- Completed reload, in  8.937 seconds
Domain Reload Profiling:
	ReloadAssembly (8950ms)
		BeginReloadAssembly (1922ms)
			ExecutionOrderSort (0ms)
			DisableScriptedObjects (138ms)
			BackupInstance (0ms)
			ReleaseScriptingObjects (5ms)
			CreateAndSetChildDomain (969ms)
		EndReloadAssembly (6525ms)
			LoadAssemblies (1133ms)
			RebuildTransferFunctionScriptingTraits (3ms)
			SetupTypeCache (1202ms)
			ReleaseScriptCaches (84ms)
			RebuildScriptCaches (355ms)
			SetupLoadedEditorAssemblies (3043ms)
				LogAssemblyErrors (0ms)
				InitializePlatformSupportModulesInManaged (1188ms)
				SetLoadedEditorAssemblies (18ms)
				RefreshPlugins (58ms)
				BeforeProcessingInitializeOnLoad (676ms)
				ProcessInitializeOnLoadAttributes (902ms)
				ProcessInitializeOnLoadMethodAttributes (167ms)
				AfterProcessingInitializeOnLoad (31ms)
				EditorAssembliesLoaded (3ms)
			ExecutionOrderSort2 (1ms)
			AwakeInstancesAfterBackupRestoration (47ms)
Platform modules already initialized, skipping
Refreshing native plugins compatible for Editor in 22.57 ms, found 4 plugins.
Preloading 0 native plugins for Editor in 0.00 ms.
Unloading 3918 Unused Serialized files (Serialized files now loaded: 0)
Unloading 27 unused Assets / (192.4 KB). Loaded Objects now: 4481.
Memory consumption went from 153.2 MB to 153.0 MB.
Total: 56.611400 ms (FindLiveObjects: 13.286100 ms CreateObjectMapping: 1.539500 ms MarkObjects: 37.826800 ms  DeleteObjects: 3.947500 ms)

AssetImportParameters requested are different than current active one (requested -> active):
  custom:video-decoder-ogg-theora: a1e56fd34408186e4bbccfd4996cb3dc -> 
  custom:container-muxer-webm: aa71ff27fc2769a1b78a27578f13a17b -> 
  custom:container-demuxer-webm: 4f35f7cbe854078d1ac9338744f61a02 -> 
  custom:video-encoder-webm-vp8: eb34c28f22e8b96e1ab97ce403110664 -> 
  custom:audio-encoder-webm-vorbis: bf7c407c2cedff20999df2af8eb42d56 -> 
  custom:framework-win-MediaFoundation: 216162199b28c13a410421893ffa2e32 -> 
  custom:container-demuxer-ogg: 62fdf1f143b41e24485cea50d1cbac27 -> 
  custom:video-decoder-webm-vp8: 9c59270c3fd7afecdb556c50c9e8de78 -> 
  custom:audio-decoder-ogg-vorbis: bf7c407c2cedff20999df2af8eb42d56 -> 
========================================================================
Received Import Request.
  Time since last request: 1941.383270 seconds.
  path: Assets/Sprites/кнопа.png
  artifactKey: Guid(893d992cb46bf3849ae178b278bc1b9c) Importer(815301076,1909f56bfc062723c751e8b465ee728b)
Start importing Assets/Sprites/кнопа.png using Guid(893d992cb46bf3849ae178b278bc1b9c) Importer(815301076,1909f56bfc062723c751e8b465ee728b)  -> (artifact id: '9193904c4654a75f3132c05c22d3f73b') in 4.755211 seconds 
========================================================================
Received Import Request.
  Time since last request: 135.134266 seconds.
  path: Assets/TextMesh Pro/Fonts/LiberationSans.ttf
  artifactKey: Guid(e3265ab4bf004d28a9537516768c1c75) Importer(815301076,1909f56bfc062723c751e8b465ee728b)
Start importing Assets/TextMesh Pro/Fonts/LiberationSans.ttf using Guid(e3265ab4bf004d28a9537516768c1c75) Importer(815301076,1909f56bfc062723c751e8b465ee728b)  -> (artifact id: 'f3bd036785823e2281556a384dd6489b') in 3.599209 seconds 
========================================================================
Received Import Request.
  Time since last request: 435.127663 seconds.
  path: Assets/Scenes/Levels.unity
  artifactKey: Guid(000ea3bd93989b04daf01f8093868a9e) Importer(815301076,1909f56bfc062723c751e8b465ee728b)
Start importing Assets/Scenes/Levels.unity using Guid(000ea3bd93989b04daf01f8093868a9e) Importer(815301076,1909f56bfc062723c751e8b465ee728b)  -> (artifact id: '293820895f242d516b3ed30bf38bfdb4') in 0.077180 seconds 
========================================================================
Received Import Request.
  Time since last request: 30.267368 seconds.
  path: Assets/Scenes/MainMenu.unity
  artifactKey: Guid(2cda990e2423bbf4892e6590ba056729) Importer(815301076,1909f56bfc062723c751e8b465ee728b)
Start importing Assets/Scenes/MainMenu.unity using Guid(2cda990e2423bbf4892e6590ba056729) Importer(815301076,1909f56bfc062723c751e8b465ee728b)  -> (artifact id: 'ea95ac54ace4cb862554beb9d226c39a') in 0.021034 seconds 
========================================================================
Received Prepare
Registering precompiled user dll's ...
Registered in 0.018286 seconds.
Begin MonoManager ReloadAssembly
Native extension for WindowsStandalone target not found
Refreshing native plugins compatible for Editor in 25.39 ms, found 4 plugins.
Preloading 0 native plugins for Editor in 0.00 ms.
Mono: successfully reloaded assembly
- Completed reload, in 10.856 seconds
Domain Reload Profiling:
	ReloadAssembly (10865ms)
		BeginReloadAssembly (5460ms)
			ExecutionOrderSort (1ms)
			DisableScriptedObjects (174ms)
			BackupInstance (0ms)
			ReleaseScriptingObjects (10ms)
			CreateAndSetChildDomain (3121ms)
		EndReloadAssembly (4816ms)
			LoadAssemblies (1668ms)
			RebuildTransferFunctionScriptingTraits (4ms)
			SetupTypeCache (1404ms)
			ReleaseScriptCaches (37ms)
			RebuildScriptCaches (340ms)
			SetupLoadedEditorAssemblies (1662ms)
				LogAssemblyErrors (0ms)
				InitializePlatformSupportModulesInManaged (64ms)
				SetLoadedEditorAssemblies (4ms)
				RefreshPlugins (26ms)
				BeforeProcessingInitializeOnLoad (466ms)
				ProcessInitializeOnLoadAttributes (939ms)
				ProcessInitializeOnLoadMethodAttributes (124ms)
				AfterProcessingInitializeOnLoad (38ms)
				EditorAssembliesLoaded (1ms)
			ExecutionOrderSort2 (0ms)
			AwakeInstancesAfterBackupRestoration (57ms)
Platform modules already initialized, skipping
Refreshing native plugins compatible for Editor in 129.70 ms, found 4 plugins.
Preloading 0 native plugins for Editor in 0.00 ms.
Unloading 3918 Unused Serialized files (Serialized files now loaded: 0)
Unloading 27 unused Assets / (192.6 KB). Loaded Objects now: 4524.
Memory consumption went from 153.5 MB to 153.3 MB.
Total: 128.629300 ms (FindLiveObjects: 44.182400 ms CreateObjectMapping: 3.927100 ms MarkObjects: 78.263900 ms  DeleteObjects: 2.247500 ms)

AssetImportParameters requested are different than current active one (requested -> active):
  custom:video-decoder-ogg-theora: a1e56fd34408186e4bbccfd4996cb3dc -> 
  custom:container-muxer-webm: aa71ff27fc2769a1b78a27578f13a17b -> 
  custom:container-demuxer-webm: 4f35f7cbe854078d1ac9338744f61a02 -> 
  custom:video-encoder-webm-vp8: eb34c28f22e8b96e1ab97ce403110664 -> 
  custom:audio-encoder-webm-vorbis: bf7c407c2cedff20999df2af8eb42d56 -> 
  custom:framework-win-MediaFoundation: 216162199b28c13a410421893ffa2e32 -> 
  custom:container-demuxer-ogg: 62fdf1f143b41e24485cea50d1cbac27 -> 
  custom:video-decoder-webm-vp8: 9c59270c3fd7afecdb556c50c9e8de78 -> 
  custom:audio-decoder-ogg-vorbis: bf7c407c2cedff20999df2af8eb42d56 -> 
========================================================================
Received Import Request.
  Time since last request: 65.368838 seconds.
  path: Assets/Scenes/Levels.unity
  artifactKey: Guid(000ea3bd93989b04daf01f8093868a9e) Importer(815301076,1909f56bfc062723c751e8b465ee728b)
Start importing Assets/Scenes/Levels.unity using Guid(000ea3bd93989b04daf01f8093868a9e) Importer(815301076,1909f56bfc062723c751e8b465ee728b)  -> (artifact id: '4bc85e47ba9267901726779a1152f61b') in 0.281044 seconds 
========================================================================
Received Import Request.
  Time since last request: 119.116770 seconds.
  path: Assets/Scenes/FirstLevel.unity
  artifactKey: Guid(3275929a468e304449b519b3db359a3a) Importer(815301076,1909f56bfc062723c751e8b465ee728b)
Start importing Assets/Scenes/FirstLevel.unity using Guid(3275929a468e304449b519b3db359a3a) Importer(815301076,1909f56bfc062723c751e8b465ee728b)  -> (artifact id: 'e69516e32f1e2ef00b9f3cbdf9c0bf65') in 0.062953 seconds 
========================================================================
Received Import Request.
  Time since last request: 116.366932 seconds.
  path: Assets/Scenes/Levels.unity
  artifactKey: Guid(000ea3bd93989b04daf01f8093868a9e) Importer(815301076,1909f56bfc062723c751e8b465ee728b)
Start importing Assets/Scenes/Levels.unity using Guid(000ea3bd93989b04daf01f8093868a9e) Importer(815301076,1909f56bfc062723c751e8b465ee728b)  -> (artifact id: '39dcba0a1f09634481163ee53260088a') in 0.057456 seconds 
========================================================================
Received Import Request.
  Time since last request: 130.729730 seconds.
  path: Assets/Scenes/Game.unity
  artifactKey: Guid(24e06906d605ee14f9ed3c4e651b0a1a) Importer(815301076,1909f56bfc062723c751e8b465ee728b)
Start importing Assets/Scenes/Game.unity using Guid(24e06906d605ee14f9ed3c4e651b0a1a) Importer(815301076,1909f56bfc062723c751e8b465ee728b)  -> (artifact id: '5db8322cabbc1ee1a59e896168e1d3f0') in 0.119804 seconds 
========================================================================
Received Prepare
Registering precompiled user dll's ...
Registered in 0.035635 seconds.
Begin MonoManager ReloadAssembly
Native extension for WindowsStandalone target not found
Refreshing native plugins compatible for Editor in 62.65 ms, found 4 plugins.
Preloading 0 native plugins for Editor in 0.00 ms.
Mono: successfully reloaded assembly
- Completed reload, in 14.863 seconds
Domain Reload Profiling:
	ReloadAssembly (14875ms)
		BeginReloadAssembly (5373ms)
			ExecutionOrderSort (1ms)
			DisableScriptedObjects (474ms)
			BackupInstance (0ms)
			ReleaseScriptingObjects (2ms)
			CreateAndSetChildDomain (2566ms)
		EndReloadAssembly (8337ms)
			LoadAssemblies (2570ms)
			RebuildTransferFunctionScriptingTraits (7ms)
			SetupTypeCache (2714ms)
			ReleaseScriptCaches (142ms)
			RebuildScriptCaches (475ms)
			SetupLoadedEditorAssemblies (3341ms)
				LogAssemblyErrors (0ms)
				InitializePlatformSupportModulesInManaged (116ms)
				SetLoadedEditorAssemblies (6ms)
				RefreshPlugins (63ms)
				BeforeProcessingInitializeOnLoad (542ms)
				ProcessInitializeOnLoadAttributes (2205ms)
				ProcessInitializeOnLoadMethodAttributes (385ms)
				AfterProcessingInitializeOnLoad (22ms)
				EditorAssembliesLoaded (1ms)
			ExecutionOrderSort2 (0ms)
			AwakeInstancesAfterBackupRestoration (26ms)
Platform modules already initialized, skipping
Refreshing native plugins compatible for Editor in 73.77 ms, found 4 plugins.
Preloading 0 native plugins for Editor in 0.00 ms.
Unloading 3918 Unused Serialized files (Serialized files now loaded: 0)
Unloading 27 unused Assets / (194.7 KB). Loaded Objects now: 4527.
Memory consumption went from 153.5 MB to 153.3 MB.
Total: 1157.407200 ms (FindLiveObjects: 17.713500 ms CreateObjectMapping: 2.245200 ms MarkObjects: 1129.969900 ms  DeleteObjects: 7.467300 ms)

AssetImportParameters requested are different than current active one (requested -> active):
  custom:video-decoder-ogg-theora: a1e56fd34408186e4bbccfd4996cb3dc -> 
  custom:container-muxer-webm: aa71ff27fc2769a1b78a27578f13a17b -> 
  custom:container-demuxer-webm: 4f35f7cbe854078d1ac9338744f61a02 -> 
  custom:video-encoder-webm-vp8: eb34c28f22e8b96e1ab97ce403110664 -> 
  custom:audio-encoder-webm-vorbis: bf7c407c2cedff20999df2af8eb42d56 -> 
  custom:framework-win-MediaFoundation: 216162199b28c13a410421893ffa2e32 -> 
  custom:container-demuxer-ogg: 62fdf1f143b41e24485cea50d1cbac27 -> 
  custom:video-decoder-webm-vp8: 9c59270c3fd7afecdb556c50c9e8de78 -> 
  custom:audio-decoder-ogg-vorbis: bf7c407c2cedff20999df2af8eb42d56 -> 
========================================================================
Received Prepare
Registering precompiled user dll's ...
Registered in 0.641856 seconds.
Begin MonoManager ReloadAssembly
Native extension for WindowsStandalone target not found
Refreshing native plugins compatible for Editor in 19.62 ms, found 4 plugins.
Preloading 0 native plugins for Editor in 0.00 ms.
Mono: successfully reloaded assembly
- Completed reload, in  5.281 seconds
Domain Reload Profiling:
	ReloadAssembly (5295ms)
		BeginReloadAssembly (1849ms)
			ExecutionOrderSort (1ms)
			DisableScriptedObjects (212ms)
			BackupInstance (0ms)
			ReleaseScriptingObjects (0ms)
			CreateAndSetChildDomain (999ms)
		EndReloadAssembly (3017ms)
			LoadAssemblies (769ms)
			RebuildTransferFunctionScriptingTraits (2ms)
			SetupTypeCache (924ms)
			ReleaseScriptCaches (35ms)
			RebuildScriptCaches (122ms)
			SetupLoadedEditorAssemblies (1152ms)
				LogAssemblyErrors (0ms)
				InitializePlatformSupportModulesInManaged (48ms)
				SetLoadedEditorAssemblies (4ms)
				RefreshPlugins (20ms)
				BeforeProcessingInitializeOnLoad (223ms)
				ProcessInitializeOnLoadAttributes (726ms)
				ProcessInitializeOnLoadMethodAttributes (107ms)
				AfterProcessingInitializeOnLoad (23ms)
				EditorAssembliesLoaded (1ms)
			ExecutionOrderSort2 (0ms)
			AwakeInstancesAfterBackupRestoration (29ms)
Platform modules already initialized, skipping
Refreshing native plugins compatible for Editor in 475.08 ms, found 4 plugins.
Preloading 0 native plugins for Editor in 0.00 ms.
Unloading 3918 Unused Serialized files (Serialized files now loaded: 0)
Unloading 27 unused Assets / (192.5 KB). Loaded Objects now: 4530.
Memory consumption went from 153.6 MB to 153.4 MB.
Total: 48.594000 ms (FindLiveObjects: 11.492600 ms CreateObjectMapping: 0.977300 ms MarkObjects: 33.912700 ms  DeleteObjects: 1.740400 ms)

AssetImportParameters requested are different than current active one (requested -> active):
  custom:video-decoder-ogg-theora: a1e56fd34408186e4bbccfd4996cb3dc -> 
  custom:container-muxer-webm: aa71ff27fc2769a1b78a27578f13a17b -> 
  custom:container-demuxer-webm: 4f35f7cbe854078d1ac9338744f61a02 -> 
  custom:video-encoder-webm-vp8: eb34c28f22e8b96e1ab97ce403110664 -> 
  custom:audio-encoder-webm-vorbis: bf7c407c2cedff20999df2af8eb42d56 -> 
  custom:framework-win-MediaFoundation: 216162199b28c13a410421893ffa2e32 -> 
  custom:container-demuxer-ogg: 62fdf1f143b41e24485cea50d1cbac27 -> 
  custom:video-decoder-webm-vp8: 9c59270c3fd7afecdb556c50c9e8de78 -> 
  custom:audio-decoder-ogg-vorbis: bf7c407c2cedff20999df2af8eb42d56 -> 
